\BOOKMARK [0][-]{chapter.1}{Language reference}{}% 1
\BOOKMARK [0][-]{chapter.2}{Lexical conventions}{}% 2
\BOOKMARK [1][-]{section.2.1}{Input symbols}{chapter.2}% 3
\BOOKMARK [1][-]{section.2.2}{Comments}{chapter.2}% 4
\BOOKMARK [1][-]{section.2.3}{Names}{chapter.2}% 5
\BOOKMARK [1][-]{section.2.4}{Reserved words}{chapter.2}% 6
\BOOKMARK [1][-]{section.2.5}{Numbers}{chapter.2}% 7
\BOOKMARK [0][-]{chapter.3}{Syntax description}{}% 8
\BOOKMARK [0][-]{chapter.4}{The logik program}{}% 9
\BOOKMARK [0][-]{chapter.5}{Interval}{}% 10
\BOOKMARK [0][-]{chapter.6}{Tone}{}% 11
\BOOKMARK [0][-]{chapter.7}{Tone system}{}% 12
\BOOKMARK [0][-]{chapter.8}{Retuning}{}% 13
\BOOKMARK [0][-]{chapter.9}{Harmony}{}% 14
\BOOKMARK [0][-]{chapter.10}{Logic}{}% 15
\BOOKMARK [1][-]{section.10.1}{Trigger}{chapter.10}% 16
\BOOKMARK [2][-]{subsection.10.1.1}{Keys}{section.10.1}% 17
\BOOKMARK [2][-]{subsection.10.1.2}{Harmonies}{section.10.1}% 18
\BOOKMARK [2][-]{subsection.10.1.3}{MIDI trigger}{section.10.1}% 19
\BOOKMARK [1][-]{section.10.2}{Actions}{chapter.10}% 20
\BOOKMARK [2][-]{subsection.10.2.1}{MIDI output}{section.10.2}% 21
\BOOKMARK [0][-]{chapter.11}{MIDI channels}{}% 22
\BOOKMARK [1][-]{section.11.1}{Glossary}{chapter.11}% 23
