\BOOKMARK [-1][-]{part.1}{\334berblick}{}% 1
\BOOKMARK [0][-]{chapter.1}{\334ber }{part.1}% 2
\BOOKMARK [1][-]{section.1.1}{Geschichte von }{chapter.1}% 3
\BOOKMARK [1][-]{section.1.2}{Funktionsprinzip}{chapter.1}% 4
\BOOKMARK [1][-]{section.1.3}{Das Prinzip der Boxen}{chapter.1}% 5
\BOOKMARK [0][-]{chapter.2}{Anforderungen und M\366glichkeiten}{part.1}% 6
\BOOKMARK [1][-]{section.2.1}{Grenzen und Probleme musikalischer Art}{chapter.2}% 7
\BOOKMARK [1][-]{section.2.2}{Technische Voraussetzungen}{chapter.2}% 8
\BOOKMARK [0][-]{chapter.3}{Schnelleinstieg}{part.1}% 9
\BOOKMARK [1][-]{section.3.1}{MIDI-Verkabelung}{chapter.3}% 10
\BOOKMARK [1][-]{section.3.2}{Routen einrichten}{chapter.3}% 11
\BOOKMARK [1][-]{section.3.3}{Logik starten}{chapter.3}% 12
\BOOKMARK [1][-]{section.3.4}{MIDI- oder Guido-Datei abspielen}{chapter.3}% 13
\BOOKMARK [1][-]{section.3.5}{Ausgabe als MIDI- oder Guido-Datei abspeichern}{chapter.3}% 14
\BOOKMARK [-1][-]{part.2}{Die Bedienelemente von }{}% 15
\BOOKMARK [0][-]{chapter.4}{Hauptfenster}{part.2}% 16
\BOOKMARK [1][-]{section.4.1}{Werkzeugleiste}{chapter.4}% 17
\BOOKMARK [1][-]{section.4.2}{Statusleiste}{chapter.4}% 18
\BOOKMARK [0][-]{chapter.5}{Men\374leiste}{part.2}% 19
\BOOKMARK [1][-]{section.5.1}{Datei \366ffnen, speichern...}{chapter.5}% 20
\BOOKMARK [2][-]{subsection.5.1.1}{Neue Datei}{section.5.1}% 21
\BOOKMARK [2][-]{subsection.5.1.2}{Datei \366ffnen}{section.5.1}% 22
\BOOKMARK [2][-]{subsection.5.1.3}{Datei abspeichern}{section.5.1}% 23
\BOOKMARK [2][-]{subsection.5.1.4}{Datei abspeichern unter\203}{section.5.1}% 24
\BOOKMARK [2][-]{subsection.5.1.5}{Datei direkt ausf\374hren}{section.5.1}% 25
\BOOKMARK [2][-]{subsection.5.1.6}{Optionen-Dialog aufrufen}{section.5.1}% 26
\BOOKMARK [2][-]{subsection.5.1.7}{ beenden}{section.5.1}% 27
\BOOKMARK [1][-]{section.5.2}{Editierfunktionen}{chapter.5}% 28
\BOOKMARK [2][-]{subsection.5.2.1}{R\374ckg\344ngig}{section.5.2}% 29
\BOOKMARK [2][-]{subsection.5.2.2}{Ausschneiden}{section.5.2}% 30
\BOOKMARK [2][-]{subsection.5.2.3}{Kopieren}{section.5.2}% 31
\BOOKMARK [2][-]{subsection.5.2.4}{Einf\374gen}{section.5.2}% 32
\BOOKMARK [2][-]{subsection.5.2.5}{L\366schen}{section.5.2}% 33
\BOOKMARK [2][-]{subsection.5.2.6}{Alles l\366schen}{section.5.2}% 34
\BOOKMARK [1][-]{section.5.3}{Suchen im Text}{chapter.5}% 35
\BOOKMARK [2][-]{subsection.5.3.1}{Suchen}{section.5.3}% 36
\BOOKMARK [2][-]{subsection.5.3.2}{Ersetzen}{section.5.3}% 37
\BOOKMARK [2][-]{subsection.5.3.3}{Suche/Ersetzen wiederholen}{section.5.3}% 38
\BOOKMARK [1][-]{section.5.4}{Logik compilieren, starten\203}{chapter.5}% 39
\BOOKMARK [2][-]{subsection.5.4.1}{Programm \374bersetzen}{section.5.4}% 40
\BOOKMARK [2][-]{subsection.5.4.2}{Programm ausf\374hren}{section.5.4}% 41
\BOOKMARK [2][-]{subsection.5.4.3}{Batch-Modus}{section.5.4}% 42
\BOOKMARK [2][-]{subsection.5.4.4}{Programm stoppen}{section.5.4}% 43
\BOOKMARK [2][-]{subsection.5.4.5}{Panik-Funktion}{section.5.4}% 44
\BOOKMARK [1][-]{section.5.5}{Routen laden und speichern}{chapter.5}% 45
\BOOKMARK [2][-]{subsection.5.5.1}{Routen laden}{section.5.5}% 46
\BOOKMARK [2][-]{subsection.5.5.2}{Routen abspeichern}{section.5.5}% 47
\BOOKMARK [2][-]{subsection.5.5.3}{Routen abspeichern unter \203}{section.5.5}% 48
\BOOKMARK [1][-]{section.5.6}{Anzeigen verschiedener Dialogelemente}{chapter.5}% 49
\BOOKMARK [2][-]{subsection.5.6.1}{Werkzeugleiste ein-/ausblenden}{section.5.6}% 50
\BOOKMARK [2][-]{subsection.5.6.2}{Statusleiste ein-/ausblenden}{section.5.6}% 51
\BOOKMARK [2][-]{subsection.5.6.3}{Routen-Fenster anzeigen}{section.5.6}% 52
\BOOKMARK [2][-]{subsection.5.6.4}{\214Aktuelle-Tasten\215-Fenster ein-/ausblenden}{section.5.6}% 53
\BOOKMARK [2][-]{subsection.5.6.5}{Tonsystem-Fenster ein-/ausblenden}{section.5.6}% 54
\BOOKMARK [2][-]{subsection.5.6.6}{Aktionen-Fenster ein-/ausblenden}{section.5.6}% 55
\BOOKMARK [2][-]{subsection.5.6.7}{\214Ein-Fenster\215-Modus aktivieren/deaktivieren}{section.5.6}% 56
\BOOKMARK [2][-]{subsection.5.6.8}{\214Gemeinsames Aktionen-Fenster\215-Modus aktivieren/deaktivieren}{section.5.6}% 57
\BOOKMARK [2][-]{subsection.5.6.9}{Aktuelle Box ausw\344hlen}{section.5.6}% 58
\BOOKMARK [1][-]{section.5.7}{Sequenzer bedienen}{chapter.5}% 59
\BOOKMARK [2][-]{subsection.5.7.1}{Sequenzer starten}{section.5.7}% 60
\BOOKMARK [2][-]{subsection.5.7.2}{Sequenzer abbrechen}{section.5.7}% 61
\BOOKMARK [2][-]{subsection.5.7.3}{Sequenzer vor\374bergehend anhalten}{section.5.7}% 62
\BOOKMARK [1][-]{section.5.8}{Hilfefunktionen}{chapter.5}% 63
\BOOKMARK [2][-]{subsection.5.8.1}{Inhalts\374bersicht der Hilfe}{section.5.8}% 64
\BOOKMARK [2][-]{subsection.5.8.2}{Handbuch zur Mutabor-Programmiersprache}{section.5.8}% 65
\BOOKMARK [2][-]{subsection.5.8.3}{Verwendung der Hilfe}{section.5.8}% 66
\BOOKMARK [2][-]{subsection.5.8.4}{Informationen \374ber }{section.5.8}% 67
\BOOKMARK [0][-]{chapter.6}{Die Unterfenster von }{part.2}% 68
\BOOKMARK [1][-]{section.6.1}{Editor-Fenster}{chapter.6}% 69
\BOOKMARK [1][-]{section.6.2}{Routen-Fenster}{chapter.6}% 70
\BOOKMARK [2][-]{subsection.6.2.1}{Eingabeger\344te}{section.6.2}% 71
\BOOKMARK [2][-]{subsection.6.2.2}{Eingabefilter}{section.6.2}% 72
\BOOKMARK [2][-]{subsection.6.2.3}{Boxen}{section.6.2}% 73
\BOOKMARK [2][-]{subsection.6.2.4}{Ausgabefilter}{section.6.2}% 74
\BOOKMARK [2][-]{subsection.6.2.5}{Ausgabeger\344te}{section.6.2}% 75
\BOOKMARK [1][-]{section.6.3}{Logiken-Fenster}{chapter.6}% 76
\BOOKMARK [1][-]{section.6.4}{Aktuelle-Tasten-Fenster}{chapter.6}% 77
\BOOKMARK [1][-]{section.6.5}{Tonsystem-Fenster}{chapter.6}% 78
\BOOKMARK [1][-]{section.6.6}{Aktionen-Fenster}{chapter.6}% 79
\BOOKMARK [1][-]{section.6.7}{Compiler-Fenster}{chapter.6}% 80
\BOOKMARK [0][-]{chapter.7}{Das Hilfefenster}{part.2}% 81
\BOOKMARK [1][-]{section.7.1}{Die Symbolleiste}{chapter.7}% 82
\BOOKMARK [1][-]{section.7.2}{Das Navigationsfenster}{chapter.7}% 83
\BOOKMARK [2][-]{subsection.7.2.1}{Der Dokumentbaum}{section.7.2}% 84
\BOOKMARK [2][-]{subsection.7.2.2}{Der Hilfeindex}{section.7.2}% 85
\BOOKMARK [2][-]{subsection.7.2.3}{Das Suchformular}{section.7.2}% 86
\BOOKMARK [1][-]{section.7.3}{Das Textfenster}{chapter.7}% 87
\BOOKMARK [0][-]{chapter.8}{Dialoge}{part.2}% 88
\BOOKMARK [1][-]{section.8.1}{Eingabeger\344te-Dialog}{chapter.8}% 89
\BOOKMARK [2][-]{subsection.8.1.1}{Type \(Typ des Eingabeger\344tes\)}{section.8.1}% 90
\BOOKMARK [1][-]{section.8.2}{Eingabefilter-Dialog}{chapter.8}% 91
\BOOKMARK [2][-]{subsection.8.2.1}{Type \(Type des Filters\)}{section.8.2}% 92
\BOOKMARK [2][-]{subsection.8.2.2}{Bereich:}{section.8.2}% 93
\BOOKMARK [2][-]{subsection.8.2.3}{Tipp/Hinweis:}{section.8.2}% 94
\BOOKMARK [1][-]{section.8.3}{Boxen-Dialog}{chapter.8}% 95
\BOOKMARK [2][-]{subsection.8.3.1}{Box \(Art der Box\)}{section.8.3}% 96
\BOOKMARK [2][-]{subsection.8.3.2}{Mode \(Modus der Box\)}{section.8.3}% 97
\BOOKMARK [1][-]{section.8.4}{Ausgabefilter-Dialog}{chapter.8}% 98
\BOOKMARK [2][-]{subsection.8.4.1}{Channel \(MIDI-Kan\344le\)}{section.8.4}% 99
\BOOKMARK [1][-]{section.8.5}{Ausgabeger\344t-Dialog}{chapter.8}% 100
\BOOKMARK [2][-]{subsection.8.5.1}{Type \(Typ des Ausgabeger\344tes\)}{section.8.5}% 101
\BOOKMARK [1][-]{section.8.6}{\334ber\203-Fenster}{chapter.8}% 102
\BOOKMARK [1][-]{section.8.7}{Der Einstellungsdialog}{chapter.8}% 103
\BOOKMARK [2][-]{subsection.8.7.1}{Tonsytem}{section.8.7}% 104
\BOOKMARK [2][-]{subsection.8.7.2}{Fenster}{section.8.7}% 105
\BOOKMARK [-1][-]{part.3}{Grundlagen der sprache}{}% 106
\BOOKMARK [0][-]{chapter.9}{Grundlegendes}{part.3}% 107
\BOOKMARK [0][-]{chapter.10}{Befehlsindex der Mutaborsprache}{part.3}% 108
\BOOKMARK [1][-]{section.10.1}{Intervall}{chapter.10}% 109
\BOOKMARK [2][-]{subsection.10.1.1}{Wurzel}{section.10.1}% 110
\BOOKMARK [1][-]{section.10.2}{Ton}{chapter.10}% 111
\BOOKMARK [1][-]{section.10.3}{Tonsystem}{chapter.10}% 112
\BOOKMARK [1][-]{section.10.4}{Umstimmung}{chapter.10}% 113
\BOOKMARK [1][-]{section.10.5}{Harmonie}{chapter.10}% 114
\BOOKMARK [1][-]{section.10.6}{Logik}{chapter.10}% 115
\BOOKMARK [2][-]{subsection.10.6.1}{Form}{section.10.6}% 116
\BOOKMARK [2][-]{subsection.10.6.2}{Taste}{section.10.6}% 117
\BOOKMARK [2][-]{subsection.10.6.3}{MIDIin}{section.10.6}% 118
\BOOKMARK [2][-]{subsection.10.6.4}{MIDIout}{section.10.6}% 119
\BOOKMARK [2][-]{subsection.10.6.5}{Ansonsten}{section.10.6}% 120
\BOOKMARK [0][-]{chapter.11}{Beispiele}{part.3}% 121
\BOOKMARK [1][-]{section.11.1}{Tonnetz}{chapter.11}% 122
\BOOKMARK [1][-]{section.11.2}{Naturseptime}{chapter.11}% 123
\BOOKMARK [1][-]{section.11.3}{Gleichstufige Stimmungen}{chapter.11}% 124
\BOOKMARK [1][-]{section.11.4}{Mittelt\366nige Stimmung}{chapter.11}% 125
\BOOKMARK [0][-]{appendix.A}{Glossar}{part.3}% 126
