This is pdfTeX, Version 3.1415926-2.5-1.40.14 (TeX Live 2013/Debian) (format=pdflatex 2013.6.20)  21 JUN 2013 12:37
entering extended mode
 restricted \write18 enabled.
 %&-line parsing enabled.
**Referenz
(./Referenz.tex
LaTeX2e <2011/06/27>
Babel <3.9f> and hyphenation patterns for 28 languages loaded.
(./../../preamble.tex
Standard LaTeX output
(/usr/share/texlive/texmf-dist/tex/latex/koma-script/scrbook.cls
Document Class: scrbook 2012/07/29 v3.11b KOMA-Script document class (book)
(/usr/share/texlive/texmf-dist/tex/latex/koma-script/scrkbase.sty
Package: scrkbase 2012/07/29 v3.11b KOMA-Script package (KOMA-Script-dependent 
basics and keyval usage)

(/usr/share/texlive/texmf-dist/tex/latex/koma-script/scrbase.sty
Package: scrbase 2012/07/29 v3.11b KOMA-Script package (KOMA-Script-independent
 basics and keyval usage)

(/usr/share/texlive/texmf-dist/tex/latex/graphics/keyval.sty
Package: keyval 1999/03/16 v1.13 key=value parser (DPC)
\KV@toks@=\toks14
)
(/usr/share/texlive/texmf-dist/tex/latex/koma-script/scrlfile.sty
Package: scrlfile 2012/06/15 v3.12 KOMA-Script package (loading files)

Package scrlfile, 2012/06/15 v3.12 KOMA-Script package (loading files)
                  Copyright (C) Markus Kohm

))) (/usr/share/texlive/texmf-dist/tex/latex/koma-script/tocbasic.sty
Package: tocbasic 2012/04/04 v3.10b KOMA-Script package (handling toc-files)
)
Package tocbasic Info: omitting babel extension for `toc'
(tocbasic)             because of feature `nobabel' available
(tocbasic)             for `toc' on input line 117.
Package tocbasic Info: omitting babel extension for `lof'
(tocbasic)             because of feature `nobabel' available
(tocbasic)             for `lof' on input line 118.
Package tocbasic Info: omitting babel extension for `lot'
(tocbasic)             because of feature `nobabel' available
(tocbasic)             for `lot' on input line 119.
Class scrbook Info: File `scrsize11pt.clo' used instead of
(scrbook)           file `scrsize11.clo' to setup font sizes on input line 1368
.

(/usr/share/texlive/texmf-dist/tex/latex/koma-script/scrsize11pt.clo
File: scrsize11pt.clo 2012/07/29 v3.11b KOMA-Script font size class option (11p
t)
)
(/usr/share/texlive/texmf-dist/tex/latex/koma-script/typearea.sty
Package: typearea 2012/07/29 v3.11b KOMA-Script package (type area)

Package typearea, 2012/07/29 v3.11b KOMA-Script package (type area)
                  Copyright (C) Frank Neukam, 1992-1994
                  Copyright (C) Markus Kohm, 1994-

\ta@bcor=\skip41
\ta@div=\count79
Package typearea Info: You've used standard option `a4paper'.
(typearea)             This is correct!
(typearea)             Internally I'm using `paper=a4'.
(typearea)             If you'd like to set the option with \KOMAoptions,
(typearea)             you'd have to use `paper=a4' there
(typearea)             instead of `a4paper', too.
\ta@hblk=\skip42
\ta@vblk=\skip43
\ta@temp=\skip44
Package typearea Info: These are the values describing the layout:
(typearea)             DIV  = 10
(typearea)             BCOR = 28.45274pt
(typearea)             \paperwidth      = 597.50793pt
(typearea)              \textwidth      = 398.33864pt
(typearea)              DIV departure   = -1%
(typearea)              \evensidemargin = 41.54105pt
(typearea)              \oddsidemargin  = 13.08827pt
(typearea)             \paperheight     = 845.04694pt
(typearea)              \textheight     = 595.80026pt
(typearea)              \topmargin      = -25.16531pt
(typearea)              \headheight     = 17.0pt
(typearea)              \headsep        = 20.40001pt
(typearea)              \topskip        = 11.0pt
(typearea)              \footskip       = 47.60002pt
(typearea)              \baselineskip   = 13.6pt
(typearea)              on input line 1213.
)
\c@part=\count80
\c@chapter=\count81
\c@section=\count82
\c@subsection=\count83
\c@subsubsection=\count84
\c@paragraph=\count85
\c@subparagraph=\count86
\abovecaptionskip=\skip45
\belowcaptionskip=\skip46
\c@pti@nb@sid@b@x=\box26
\c@figure=\count87
\c@table=\count88
\bibindent=\dimen102
) (/usr/share/texlive/texmf-dist/tex/latex/base/inputenc.sty
Package: inputenc 2008/03/30 v1.1d Input encoding file
\inpenc@prehook=\toks15
\inpenc@posthook=\toks16

(/usr/share/texlive/texmf-dist/tex/latex/base/utf8.def
File: utf8.def 2008/04/05 v1.1m UTF-8 support for inputenc
Now handling font encoding OML ...
... no UTF-8 mapping file for font encoding OML
Now handling font encoding T1 ...
... processing UTF-8 mapping file for font encoding T1

(/usr/share/texlive/texmf-dist/tex/latex/base/t1enc.dfu
File: t1enc.dfu 2008/04/05 v1.1m UTF-8 support for inputenc
   defining Unicode char U+00A1 (decimal 161)
   defining Unicode char U+00A3 (decimal 163)
   defining Unicode char U+00AB (decimal 171)
   defining Unicode char U+00BB (decimal 187)
   defining Unicode char U+00BF (decimal 191)
   defining Unicode char U+00C0 (decimal 192)
   defining Unicode char U+00C1 (decimal 193)
   defining Unicode char U+00C2 (decimal 194)
   defining Unicode char U+00C3 (decimal 195)
   defining Unicode char U+00C4 (decimal 196)
   defining Unicode char U+00C5 (decimal 197)
   defining Unicode char U+00C6 (decimal 198)
   defining Unicode char U+00C7 (decimal 199)
   defining Unicode char U+00C8 (decimal 200)
   defining Unicode char U+00C9 (decimal 201)
   defining Unicode char U+00CA (decimal 202)
   defining Unicode char U+00CB (decimal 203)
   defining Unicode char U+00CC (decimal 204)
   defining Unicode char U+00CD (decimal 205)
   defining Unicode char U+00CE (decimal 206)
   defining Unicode char U+00CF (decimal 207)
   defining Unicode char U+00D0 (decimal 208)
   defining Unicode char U+00D1 (decimal 209)
   defining Unicode char U+00D2 (decimal 210)
   defining Unicode char U+00D3 (decimal 211)
   defining Unicode char U+00D4 (decimal 212)
   defining Unicode char U+00D5 (decimal 213)
   defining Unicode char U+00D6 (decimal 214)
   defining Unicode char U+00D8 (decimal 216)
   defining Unicode char U+00D9 (decimal 217)
   defining Unicode char U+00DA (decimal 218)
   defining Unicode char U+00DB (decimal 219)
   defining Unicode char U+00DC (decimal 220)
   defining Unicode char U+00DD (decimal 221)
   defining Unicode char U+00DE (decimal 222)
   defining Unicode char U+00DF (decimal 223)
   defining Unicode char U+00E0 (decimal 224)
   defining Unicode char U+00E1 (decimal 225)
   defining Unicode char U+00E2 (decimal 226)
   defining Unicode char U+00E3 (decimal 227)
   defining Unicode char U+00E4 (decimal 228)
   defining Unicode char U+00E5 (decimal 229)
   defining Unicode char U+00E6 (decimal 230)
   defining Unicode char U+00E7 (decimal 231)
   defining Unicode char U+00E8 (decimal 232)
   defining Unicode char U+00E9 (decimal 233)
   defining Unicode char U+00EA (decimal 234)
   defining Unicode char U+00EB (decimal 235)
   defining Unicode char U+00EC (decimal 236)
   defining Unicode char U+00ED (decimal 237)
   defining Unicode char U+00EE (decimal 238)
   defining Unicode char U+00EF (decimal 239)
   defining Unicode char U+00F0 (decimal 240)
   defining Unicode char U+00F1 (decimal 241)
   defining Unicode char U+00F2 (decimal 242)
   defining Unicode char U+00F3 (decimal 243)
   defining Unicode char U+00F4 (decimal 244)
   defining Unicode char U+00F5 (decimal 245)
   defining Unicode char U+00F6 (decimal 246)
   defining Unicode char U+00F8 (decimal 248)
   defining Unicode char U+00F9 (decimal 249)
   defining Unicode char U+00FA (decimal 250)
   defining Unicode char U+00FB (decimal 251)
   defining Unicode char U+00FC (decimal 252)
   defining Unicode char U+00FD (decimal 253)
   defining Unicode char U+00FE (decimal 254)
   defining Unicode char U+00FF (decimal 255)
   defining Unicode char U+0102 (decimal 258)
   defining Unicode char U+0103 (decimal 259)
   defining Unicode char U+0104 (decimal 260)
   defining Unicode char U+0105 (decimal 261)
   defining Unicode char U+0106 (decimal 262)
   defining Unicode char U+0107 (decimal 263)
   defining Unicode char U+010C (decimal 268)
   defining Unicode char U+010D (decimal 269)
   defining Unicode char U+010E (decimal 270)
   defining Unicode char U+010F (decimal 271)
   defining Unicode char U+0110 (decimal 272)
   defining Unicode char U+0111 (decimal 273)
   defining Unicode char U+0118 (decimal 280)
   defining Unicode char U+0119 (decimal 281)
   defining Unicode char U+011A (decimal 282)
   defining Unicode char U+011B (decimal 283)
   defining Unicode char U+011E (decimal 286)
   defining Unicode char U+011F (decimal 287)
   defining Unicode char U+0130 (decimal 304)
   defining Unicode char U+0131 (decimal 305)
   defining Unicode char U+0132 (decimal 306)
   defining Unicode char U+0133 (decimal 307)
   defining Unicode char U+0139 (decimal 313)
   defining Unicode char U+013A (decimal 314)
   defining Unicode char U+013D (decimal 317)
   defining Unicode char U+013E (decimal 318)
   defining Unicode char U+0141 (decimal 321)
   defining Unicode char U+0142 (decimal 322)
   defining Unicode char U+0143 (decimal 323)
   defining Unicode char U+0144 (decimal 324)
   defining Unicode char U+0147 (decimal 327)
   defining Unicode char U+0148 (decimal 328)
   defining Unicode char U+014A (decimal 330)
   defining Unicode char U+014B (decimal 331)
   defining Unicode char U+0150 (decimal 336)
   defining Unicode char U+0151 (decimal 337)
   defining Unicode char U+0152 (decimal 338)
   defining Unicode char U+0153 (decimal 339)
   defining Unicode char U+0154 (decimal 340)
   defining Unicode char U+0155 (decimal 341)
   defining Unicode char U+0158 (decimal 344)
   defining Unicode char U+0159 (decimal 345)
   defining Unicode char U+015A (decimal 346)
   defining Unicode char U+015B (decimal 347)
   defining Unicode char U+015E (decimal 350)
   defining Unicode char U+015F (decimal 351)
   defining Unicode char U+0160 (decimal 352)
   defining Unicode char U+0161 (decimal 353)
   defining Unicode char U+0162 (decimal 354)
   defining Unicode char U+0163 (decimal 355)
   defining Unicode char U+0164 (decimal 356)
   defining Unicode char U+0165 (decimal 357)
   defining Unicode char U+016E (decimal 366)
   defining Unicode char U+016F (decimal 367)
   defining Unicode char U+0170 (decimal 368)
   defining Unicode char U+0171 (decimal 369)
   defining Unicode char U+0178 (decimal 376)
   defining Unicode char U+0179 (decimal 377)
   defining Unicode char U+017A (decimal 378)
   defining Unicode char U+017B (decimal 379)
   defining Unicode char U+017C (decimal 380)
   defining Unicode char U+017D (decimal 381)
   defining Unicode char U+017E (decimal 382)
   defining Unicode char U+200C (decimal 8204)
   defining Unicode char U+2013 (decimal 8211)
   defining Unicode char U+2014 (decimal 8212)
   defining Unicode char U+2018 (decimal 8216)
   defining Unicode char U+2019 (decimal 8217)
   defining Unicode char U+201A (decimal 8218)
   defining Unicode char U+201C (decimal 8220)
   defining Unicode char U+201D (decimal 8221)
   defining Unicode char U+201E (decimal 8222)
   defining Unicode char U+2030 (decimal 8240)
   defining Unicode char U+2031 (decimal 8241)
   defining Unicode char U+2039 (decimal 8249)
   defining Unicode char U+203A (decimal 8250)
   defining Unicode char U+2423 (decimal 9251)
)
Now handling font encoding OT1 ...
... processing UTF-8 mapping file for font encoding OT1

(/usr/share/texlive/texmf-dist/tex/latex/base/ot1enc.dfu
File: ot1enc.dfu 2008/04/05 v1.1m UTF-8 support for inputenc
   defining Unicode char U+00A1 (decimal 161)
   defining Unicode char U+00A3 (decimal 163)
   defining Unicode char U+00B8 (decimal 184)
   defining Unicode char U+00BF (decimal 191)
   defining Unicode char U+00C5 (decimal 197)
   defining Unicode char U+00C6 (decimal 198)
   defining Unicode char U+00D8 (decimal 216)
   defining Unicode char U+00DF (decimal 223)
   defining Unicode char U+00E6 (decimal 230)
   defining Unicode char U+00EC (decimal 236)
   defining Unicode char U+00ED (decimal 237)
   defining Unicode char U+00EE (decimal 238)
   defining Unicode char U+00EF (decimal 239)
   defining Unicode char U+00F8 (decimal 248)
   defining Unicode char U+0131 (decimal 305)
   defining Unicode char U+0141 (decimal 321)
   defining Unicode char U+0142 (decimal 322)
   defining Unicode char U+0152 (decimal 338)
   defining Unicode char U+0153 (decimal 339)
   defining Unicode char U+2013 (decimal 8211)
   defining Unicode char U+2014 (decimal 8212)
   defining Unicode char U+2018 (decimal 8216)
   defining Unicode char U+2019 (decimal 8217)
   defining Unicode char U+201C (decimal 8220)
   defining Unicode char U+201D (decimal 8221)
)
Now handling font encoding OMS ...
... processing UTF-8 mapping file for font encoding OMS

(/usr/share/texlive/texmf-dist/tex/latex/base/omsenc.dfu
File: omsenc.dfu 2008/04/05 v1.1m UTF-8 support for inputenc
   defining Unicode char U+00A7 (decimal 167)
   defining Unicode char U+00B6 (decimal 182)
   defining Unicode char U+00B7 (decimal 183)
   defining Unicode char U+2020 (decimal 8224)
   defining Unicode char U+2021 (decimal 8225)
   defining Unicode char U+2022 (decimal 8226)
)
Now handling font encoding OMX ...
... no UTF-8 mapping file for font encoding OMX
Now handling font encoding U ...
... no UTF-8 mapping file for font encoding U
   defining Unicode char U+00A9 (decimal 169)
   defining Unicode char U+00AA (decimal 170)
   defining Unicode char U+00AE (decimal 174)
   defining Unicode char U+00BA (decimal 186)
   defining Unicode char U+02C6 (decimal 710)
   defining Unicode char U+02DC (decimal 732)
   defining Unicode char U+200C (decimal 8204)
   defining Unicode char U+2026 (decimal 8230)
   defining Unicode char U+2122 (decimal 8482)
   defining Unicode char U+2423 (decimal 9251)
))
(/usr/share/texlive/texmf-dist/tex/latex/base/fontenc.sty
Package: fontenc 2005/09/27 v1.99g Standard LaTeX package

(/usr/share/texlive/texmf-dist/tex/latex/base/t1enc.def
File: t1enc.def 2005/09/27 v1.99g Standard LaTeX file
LaTeX Font Info:    Redeclaring font encoding T1 on input line 43.
))
(/usr/share/texlive/texmf-dist/tex/generic/babel/babel.sty
Package: babel 2013/05/16 v3.9f The Babel package

(/usr/share/texlive/texmf-dist/tex/generic/babel-german/germanb.ldf
Language: germanb 2008/06/01 v2.6m German support from the babel system

(/usr/share/texlive/texmf-dist/tex/generic/babel/babel.def
File: babel.def 2013/05/16 v3.9f Babel common definitions
\babel@savecnt=\count89
\U@D=\dimen103
)
\l@austrian = a dialect from \language\l@german 
Package babel Info: Making " an active character on input line 102.
))
(/usr/share/texlive/texmf-dist/tex/latex/amsmath/amsmath.sty
Package: amsmath 2013/01/14 v2.14 AMS math features
\@mathmargin=\skip47

For additional information on amsmath, use the `?' option.
(/usr/share/texlive/texmf-dist/tex/latex/amsmath/amstext.sty
Package: amstext 2000/06/29 v2.01

(/usr/share/texlive/texmf-dist/tex/latex/amsmath/amsgen.sty
File: amsgen.sty 1999/11/30 v2.0
\@emptytoks=\toks17
\ex@=\dimen104
))
(/usr/share/texlive/texmf-dist/tex/latex/amsmath/amsbsy.sty
Package: amsbsy 1999/11/29 v1.2d
\pmbraise@=\dimen105
)
(/usr/share/texlive/texmf-dist/tex/latex/amsmath/amsopn.sty
Package: amsopn 1999/12/14 v2.01 operator names
)
\inf@bad=\count90
LaTeX Info: Redefining \frac on input line 210.
\uproot@=\count91
\leftroot@=\count92
LaTeX Info: Redefining \overline on input line 306.
\classnum@=\count93
\DOTSCASE@=\count94
LaTeX Info: Redefining \ldots on input line 378.
LaTeX Info: Redefining \dots on input line 381.
LaTeX Info: Redefining \cdots on input line 466.
\Mathstrutbox@=\box27
\strutbox@=\box28
\big@size=\dimen106
LaTeX Font Info:    Redeclaring font encoding OML on input line 566.
LaTeX Font Info:    Redeclaring font encoding OMS on input line 567.
\macc@depth=\count95
\c@MaxMatrixCols=\count96
\dotsspace@=\muskip10
\c@parentequation=\count97
\dspbrk@lvl=\count98
\tag@help=\toks18
\row@=\count99
\column@=\count100
\maxfields@=\count101
\andhelp@=\toks19
\eqnshift@=\dimen107
\alignsep@=\dimen108
\tagshift@=\dimen109
\tagwidth@=\dimen110
\totwidth@=\dimen111
\lineht@=\dimen112
\@envbody=\toks20
\multlinegap=\skip48
\multlinetaggap=\skip49
\mathdisplay@stack=\toks21
LaTeX Info: Redefining \[ on input line 2665.
LaTeX Info: Redefining \] on input line 2666.
)
(/usr/share/texlive/texmf-dist/tex/latex/hyperref/xr-hyper.sty
Package: xr-hyper 2000/03/22 v6.00beta4 eXternal References (DPC)
)
(/usr/share/texlive/texmf-dist/tex/latex/hyperref/hyperref.sty
Package: hyperref 2012/11/06 v6.83m Hypertext links for LaTeX

(/usr/share/texlive/texmf-dist/tex/generic/oberdiek/hobsub-hyperref.sty
Package: hobsub-hyperref 2012/05/28 v1.13 Bundle oberdiek, subset hyperref (HO)


(/usr/share/texlive/texmf-dist/tex/generic/oberdiek/hobsub-generic.sty
Package: hobsub-generic 2012/05/28 v1.13 Bundle oberdiek, subset generic (HO)
Package: hobsub 2012/05/28 v1.13 Construct package bundles (HO)
Package: infwarerr 2010/04/08 v1.3 Providing info/warning/error messages (HO)
Package: ltxcmds 2011/11/09 v1.22 LaTeX kernel commands for general use (HO)
Package: ifluatex 2010/03/01 v1.3 Provides the ifluatex switch (HO)
Package ifluatex Info: LuaTeX not detected.
Package: ifvtex 2010/03/01 v1.5 Detect VTeX and its facilities (HO)
Package ifvtex Info: VTeX not detected.
Package: intcalc 2007/09/27 v1.1 Expandable calculations with integers (HO)
Package: ifpdf 2011/01/30 v2.3 Provides the ifpdf switch (HO)
Package ifpdf Info: pdfTeX in PDF mode is detected.
Package: etexcmds 2011/02/16 v1.5 Avoid name clashes with e-TeX commands (HO)
Package etexcmds Info: Could not find \expanded.
(etexcmds)             That can mean that you are not using pdfTeX 1.50 or
(etexcmds)             that some package has redefined \expanded.
(etexcmds)             In the latter case, load this package earlier.
Package: kvsetkeys 2012/04/25 v1.16 Key value parser (HO)
Package: kvdefinekeys 2011/04/07 v1.3 Define keys (HO)
Package: pdftexcmds 2011/11/29 v0.20 Utility functions of pdfTeX for LuaTeX (HO
)
Package pdftexcmds Info: LuaTeX not detected.
Package pdftexcmds Info: \pdf@primitive is available.
Package pdftexcmds Info: \pdf@ifprimitive is available.
Package pdftexcmds Info: \pdfdraftmode found.
Package: pdfescape 2011/11/25 v1.13 Implements pdfTeX's escape features (HO)
Package: bigintcalc 2012/04/08 v1.3 Expandable calculations on big integers (HO
)
Package: bitset 2011/01/30 v1.1 Handle bit-vector datatype (HO)
Package: uniquecounter 2011/01/30 v1.2 Provide unlimited unique counter (HO)
)
Package hobsub Info: Skipping package `hobsub' (already loaded).
Package: letltxmacro 2010/09/02 v1.4 Let assignment for LaTeX macros (HO)
Package: hopatch 2012/05/28 v1.2 Wrapper for package hooks (HO)
Package: xcolor-patch 2011/01/30 xcolor patch
Package: atveryend 2011/06/30 v1.8 Hooks at the very end of document (HO)
Package atveryend Info: \enddocument detected (standard20110627).
Package: atbegshi 2011/10/05 v1.16 At begin shipout hook (HO)
Package: refcount 2011/10/16 v3.4 Data extraction from label references (HO)
Package: hycolor 2011/01/30 v1.7 Color options for hyperref/bookmark (HO)
)
(/usr/share/texlive/texmf-dist/tex/generic/ifxetex/ifxetex.sty
Package: ifxetex 2010/09/12 v0.6 Provides ifxetex conditional
)
(/usr/share/texlive/texmf-dist/tex/latex/oberdiek/auxhook.sty
Package: auxhook 2011/03/04 v1.3 Hooks for auxiliary files (HO)
)
(/usr/share/texlive/texmf-dist/tex/latex/oberdiek/kvoptions.sty
Package: kvoptions 2011/06/30 v3.11 Key value format for package options (HO)
)
\@linkdim=\dimen113
\Hy@linkcounter=\count102
\Hy@pagecounter=\count103

(/usr/share/texlive/texmf-dist/tex/latex/hyperref/pd1enc.def
File: pd1enc.def 2012/11/06 v6.83m Hyperref: PDFDocEncoding definition (HO)
Now handling font encoding PD1 ...
... no UTF-8 mapping file for font encoding PD1
)
\Hy@SavedSpaceFactor=\count104

(/usr/share/texlive/texmf-dist/tex/latex/latexconfig/hyperref.cfg
File: hyperref.cfg 2002/06/06 v1.2 hyperref configuration of TeXLive
)
Package hyperref Info: Hyper figures OFF on input line 4443.
Package hyperref Info: Link nesting OFF on input line 4448.
Package hyperref Info: Hyper index ON on input line 4451.
Package hyperref Info: Plain pages OFF on input line 4458.
Package hyperref Info: Backreferencing OFF on input line 4463.
Package hyperref Info: Implicit mode ON; LaTeX internals redefined.
Package hyperref Info: Bookmarks ON on input line 4688.
\c@Hy@tempcnt=\count105

(/usr/share/texlive/texmf-dist/tex/latex/url/url.sty
\Urlmuskip=\muskip11
Package: url 2006/04/12  ver 3.3  Verb mode for urls, etc.
)
LaTeX Info: Redefining \url on input line 5041.
\XeTeXLinkMargin=\dimen114
\Fld@menulength=\count106
\Field@Width=\dimen115
\Fld@charsize=\dimen116
Package hyperref Info: Hyper figures OFF on input line 6295.
Package hyperref Info: Link nesting OFF on input line 6300.
Package hyperref Info: Hyper index ON on input line 6303.
Package hyperref Info: backreferencing OFF on input line 6310.
Package hyperref Info: Link coloring OFF on input line 6315.
Package hyperref Info: Link coloring with OCG OFF on input line 6320.
Package hyperref Info: PDF/A mode OFF on input line 6325.
LaTeX Info: Redefining \ref on input line 6365.
LaTeX Info: Redefining \pageref on input line 6369.
\Hy@abspage=\count107
\c@Item=\count108
\c@Hfootnote=\count109
)

Package hyperref Message: Driver (autodetected): hpdftex.

(/usr/share/texlive/texmf-dist/tex/latex/hyperref/hpdftex.def
File: hpdftex.def 2012/11/06 v6.83m Hyperref driver for pdfTeX
\Fld@listcount=\count110
\c@bookmark@seq@number=\count111

(/usr/share/texlive/texmf-dist/tex/latex/oberdiek/rerunfilecheck.sty
Package: rerunfilecheck 2011/04/15 v1.7 Rerun checks for auxiliary files (HO)
Package uniquecounter Info: New unique counter `rerunfilecheck' on input line 2
82.
)
\Hy@SectionHShift=\skip50
)
(/usr/share/texlive/texmf-dist/tex/latex/hyperref/nameref.sty
Package: nameref 2012/10/27 v2.43 Cross-referencing by name of section

(/usr/share/texlive/texmf-dist/tex/generic/oberdiek/gettitlestring.sty
Package: gettitlestring 2010/12/03 v1.4 Cleanup title references (HO)
)
\c@section@level=\count112
)
(/usr/share/texlive/texmf-dist/tex/latex/graphics/graphicx.sty
Package: graphicx 1999/02/16 v1.0f Enhanced LaTeX Graphics (DPC,SPQR)

(/usr/share/texlive/texmf-dist/tex/latex/graphics/graphics.sty
Package: graphics 2009/02/05 v1.0o Standard LaTeX Graphics (DPC,SPQR)

(/usr/share/texlive/texmf-dist/tex/latex/graphics/trig.sty
Package: trig 1999/03/16 v1.09 sin cos tan (DPC)
)
(/usr/share/texlive/texmf-dist/tex/latex/latexconfig/graphics.cfg
File: graphics.cfg 2010/04/23 v1.9 graphics configuration of TeX Live
)
Package graphics Info: Driver file: pdftex.def on input line 91.

(/usr/share/texlive/texmf-dist/tex/latex/pdftex-def/pdftex.def
File: pdftex.def 2011/05/27 v0.06d Graphics/color for pdfTeX
\Gread@gobject=\count113
))
\Gin@req@height=\dimen117
\Gin@req@width=\dimen118
)
(/usr/share/texmf/tex/latex/pgf/frontendlayer/tikz.sty
(/usr/share/texmf/tex/latex/pgf/basiclayer/pgf.sty
(/usr/share/texmf/tex/latex/pgf/utilities/pgfrcs.sty
(/usr/share/texmf/tex/generic/pgf/utilities/pgfutil-common.tex
\pgfutil@everybye=\toks22
)
(/usr/share/texmf/tex/generic/pgf/utilities/pgfutil-latex.def
\pgfutil@abb=\box29

(/usr/share/texlive/texmf-dist/tex/latex/ms/everyshi.sty
Package: everyshi 2001/05/15 v3.00 EveryShipout Package (MS)
))
(/usr/share/texmf/tex/generic/pgf/utilities/pgfrcs.code.tex
Package: pgfrcs 2010/10/25 v2.10 (rcs-revision 1.24)
))
Package: pgf 2008/01/15 v2.10 (rcs-revision 1.12)

(/usr/share/texmf/tex/latex/pgf/basiclayer/pgfcore.sty
(/usr/share/texmf/tex/latex/pgf/systemlayer/pgfsys.sty
(/usr/share/texmf/tex/generic/pgf/systemlayer/pgfsys.code.tex
Package: pgfsys 2010/06/30 v2.10 (rcs-revision 1.37)

(/usr/share/texmf/tex/generic/pgf/utilities/pgfkeys.code.tex
\pgfkeys@pathtoks=\toks23
\pgfkeys@temptoks=\toks24

(/usr/share/texmf/tex/generic/pgf/utilities/pgfkeysfiltered.code.tex
\pgfkeys@tmptoks=\toks25
))
\pgf@x=\dimen119
\pgf@y=\dimen120
\pgf@xa=\dimen121
\pgf@ya=\dimen122
\pgf@xb=\dimen123
\pgf@yb=\dimen124
\pgf@xc=\dimen125
\pgf@yc=\dimen126
\w@pgf@writea=\write3
\r@pgf@reada=\read1
\c@pgf@counta=\count114
\c@pgf@countb=\count115
\c@pgf@countc=\count116
\c@pgf@countd=\count117

(/usr/share/texmf/tex/generic/pgf/systemlayer/pgf.cfg
File: pgf.cfg 2008/05/14  (rcs-revision 1.7)
)
Package pgfsys Info: Driver file for pgf: pgfsys-pdftex.def on input line 900.

(/usr/share/texmf/tex/generic/pgf/systemlayer/pgfsys-pdftex.def
File: pgfsys-pdftex.def 2009/05/22  (rcs-revision 1.26)

(/usr/share/texmf/tex/generic/pgf/systemlayer/pgfsys-common-pdf.def
File: pgfsys-common-pdf.def 2008/05/19  (rcs-revision 1.10)
)))
(/usr/share/texmf/tex/generic/pgf/systemlayer/pgfsyssoftpath.code.tex
File: pgfsyssoftpath.code.tex 2008/07/18  (rcs-revision 1.7)
\pgfsyssoftpath@smallbuffer@items=\count118
\pgfsyssoftpath@bigbuffer@items=\count119
)
(/usr/share/texmf/tex/generic/pgf/systemlayer/pgfsysprotocol.code.tex
File: pgfsysprotocol.code.tex 2006/10/16  (rcs-revision 1.4)
))
(/usr/share/texmf/tex/latex/xcolor/xcolor.sty
Package: xcolor 2007/01/21 v2.11 LaTeX color extensions (UK)

(/usr/share/texlive/texmf-dist/tex/latex/latexconfig/color.cfg
File: color.cfg 2007/01/18 v1.5 color configuration of teTeX/TeXLive
)
Package xcolor Info: Driver file: pdftex.def on input line 225.
Package xcolor Info: Model `cmy' substituted by `cmy0' on input line 1337.
Package xcolor Info: Model `hsb' substituted by `rgb' on input line 1341.
Package xcolor Info: Model `RGB' extended on input line 1353.
Package xcolor Info: Model `HTML' substituted by `rgb' on input line 1355.
Package xcolor Info: Model `Hsb' substituted by `hsb' on input line 1356.
Package xcolor Info: Model `tHsb' substituted by `hsb' on input line 1357.
Package xcolor Info: Model `HSB' substituted by `hsb' on input line 1358.
Package xcolor Info: Model `Gray' substituted by `gray' on input line 1359.
Package xcolor Info: Model `wave' substituted by `hsb' on input line 1360.
)
(/usr/share/texmf/tex/generic/pgf/basiclayer/pgfcore.code.tex
Package: pgfcore 2010/04/11 v2.10 (rcs-revision 1.7)

(/usr/share/texmf/tex/generic/pgf/math/pgfmath.code.tex
(/usr/share/texmf/tex/generic/pgf/math/pgfmathcalc.code.tex
(/usr/share/texmf/tex/generic/pgf/math/pgfmathutil.code.tex)
(/usr/share/texmf/tex/generic/pgf/math/pgfmathparser.code.tex
\pgfmath@dimen=\dimen127
\pgfmath@count=\count120
\pgfmath@box=\box30
\pgfmath@toks=\toks26
\pgfmath@stack@operand=\toks27
\pgfmath@stack@operation=\toks28
)
(/usr/share/texmf/tex/generic/pgf/math/pgfmathfunctions.code.tex
(/usr/share/texmf/tex/generic/pgf/math/pgfmathfunctions.basic.code.tex)
(/usr/share/texmf/tex/generic/pgf/math/pgfmathfunctions.trigonometric.code.tex)
(/usr/share/texmf/tex/generic/pgf/math/pgfmathfunctions.random.code.tex)
(/usr/share/texmf/tex/generic/pgf/math/pgfmathfunctions.comparison.code.tex)
(/usr/share/texmf/tex/generic/pgf/math/pgfmathfunctions.base.code.tex)
(/usr/share/texmf/tex/generic/pgf/math/pgfmathfunctions.round.code.tex)
(/usr/share/texmf/tex/generic/pgf/math/pgfmathfunctions.misc.code.tex)))
(/usr/share/texmf/tex/generic/pgf/math/pgfmathfloat.code.tex
\c@pgfmathroundto@lastzeros=\count121
))
(/usr/share/texmf/tex/generic/pgf/basiclayer/pgfcorepoints.code.tex
File: pgfcorepoints.code.tex 2010/04/09  (rcs-revision 1.20)
\pgf@picminx=\dimen128
\pgf@picmaxx=\dimen129
\pgf@picminy=\dimen130
\pgf@picmaxy=\dimen131
\pgf@pathminx=\dimen132
\pgf@pathmaxx=\dimen133
\pgf@pathminy=\dimen134
\pgf@pathmaxy=\dimen135
\pgf@xx=\dimen136
\pgf@xy=\dimen137
\pgf@yx=\dimen138
\pgf@yy=\dimen139
\pgf@zx=\dimen140
\pgf@zy=\dimen141
)
(/usr/share/texmf/tex/generic/pgf/basiclayer/pgfcorepathconstruct.code.tex
File: pgfcorepathconstruct.code.tex 2010/08/03  (rcs-revision 1.24)
\pgf@path@lastx=\dimen142
\pgf@path@lasty=\dimen143
)
(/usr/share/texmf/tex/generic/pgf/basiclayer/pgfcorepathusage.code.tex
File: pgfcorepathusage.code.tex 2008/04/22  (rcs-revision 1.12)
\pgf@shorten@end@additional=\dimen144
\pgf@shorten@start@additional=\dimen145
)
(/usr/share/texmf/tex/generic/pgf/basiclayer/pgfcorescopes.code.tex
File: pgfcorescopes.code.tex 2010/09/08  (rcs-revision 1.34)
\pgfpic=\box31
\pgf@hbox=\box32
\pgf@layerbox@main=\box33
\pgf@picture@serial@count=\count122
)
(/usr/share/texmf/tex/generic/pgf/basiclayer/pgfcoregraphicstate.code.tex
File: pgfcoregraphicstate.code.tex 2008/04/22  (rcs-revision 1.9)
\pgflinewidth=\dimen146
)
(/usr/share/texmf/tex/generic/pgf/basiclayer/pgfcoretransformations.code.tex
File: pgfcoretransformations.code.tex 2009/06/10  (rcs-revision 1.11)
\pgf@pt@x=\dimen147
\pgf@pt@y=\dimen148
\pgf@pt@temp=\dimen149
)
(/usr/share/texmf/tex/generic/pgf/basiclayer/pgfcorequick.code.tex
File: pgfcorequick.code.tex 2008/10/09  (rcs-revision 1.3)
)
(/usr/share/texmf/tex/generic/pgf/basiclayer/pgfcoreobjects.code.tex
File: pgfcoreobjects.code.tex 2006/10/11  (rcs-revision 1.2)
)
(/usr/share/texmf/tex/generic/pgf/basiclayer/pgfcorepathprocessing.code.tex
File: pgfcorepathprocessing.code.tex 2008/10/09  (rcs-revision 1.8)
)
(/usr/share/texmf/tex/generic/pgf/basiclayer/pgfcorearrows.code.tex
File: pgfcorearrows.code.tex 2008/04/23  (rcs-revision 1.11)
)
(/usr/share/texmf/tex/generic/pgf/basiclayer/pgfcoreshade.code.tex
File: pgfcoreshade.code.tex 2008/11/23  (rcs-revision 1.13)
\pgf@max=\dimen150
\pgf@sys@shading@range@num=\count123
)
(/usr/share/texmf/tex/generic/pgf/basiclayer/pgfcoreimage.code.tex
File: pgfcoreimage.code.tex 2010/03/25  (rcs-revision 1.16)

(/usr/share/texmf/tex/generic/pgf/basiclayer/pgfcoreexternal.code.tex
File: pgfcoreexternal.code.tex 2010/09/01  (rcs-revision 1.17)
\pgfexternal@startupbox=\box34
))
(/usr/share/texmf/tex/generic/pgf/basiclayer/pgfcorelayers.code.tex
File: pgfcorelayers.code.tex 2010/08/27  (rcs-revision 1.2)
)
(/usr/share/texmf/tex/generic/pgf/basiclayer/pgfcoretransparency.code.tex
File: pgfcoretransparency.code.tex 2008/01/17  (rcs-revision 1.2)
)
(/usr/share/texmf/tex/generic/pgf/basiclayer/pgfcorepatterns.code.tex
File: pgfcorepatterns.code.tex 2009/07/02  (rcs-revision 1.3)
)))
(/usr/share/texmf/tex/generic/pgf/modules/pgfmoduleshapes.code.tex
File: pgfmoduleshapes.code.tex 2010/09/09  (rcs-revision 1.13)
\pgfnodeparttextbox=\box35
)
(/usr/share/texmf/tex/generic/pgf/modules/pgfmoduleplot.code.tex
File: pgfmoduleplot.code.tex 2010/10/22  (rcs-revision 1.8)
)
(/usr/share/texmf/tex/latex/pgf/compatibility/pgfcomp-version-0-65.sty
Package: pgfcomp-version-0-65 2007/07/03 v2.10 (rcs-revision 1.7)
\pgf@nodesepstart=\dimen151
\pgf@nodesepend=\dimen152
)
(/usr/share/texmf/tex/latex/pgf/compatibility/pgfcomp-version-1-18.sty
Package: pgfcomp-version-1-18 2007/07/23 v2.10 (rcs-revision 1.1)
))
(/usr/share/texmf/tex/latex/pgf/utilities/pgffor.sty
(/usr/share/texmf/tex/latex/pgf/utilities/pgfkeys.sty
(/usr/share/texmf/tex/generic/pgf/utilities/pgfkeys.code.tex))
(/usr/share/texmf/tex/generic/pgf/utilities/pgffor.code.tex
Package: pgffor 2010/03/23 v2.10 (rcs-revision 1.18)
\pgffor@iter=\dimen153
\pgffor@skip=\dimen154
\pgffor@stack=\toks29
\pgffor@toks=\toks30
))
(/usr/share/texmf/tex/generic/pgf/frontendlayer/tikz/tikz.code.tex
Package: tikz 2010/10/13 v2.10 (rcs-revision 1.76)

(/usr/share/texmf/tex/generic/pgf/libraries/pgflibraryplothandlers.code.tex
File: pgflibraryplothandlers.code.tex 2010/05/31 v2.10 (rcs-revision 1.15)
\pgf@plot@mark@count=\count124
\pgfplotmarksize=\dimen155
)
\tikz@lastx=\dimen156
\tikz@lasty=\dimen157
\tikz@lastxsaved=\dimen158
\tikz@lastysaved=\dimen159
\tikzleveldistance=\dimen160
\tikzsiblingdistance=\dimen161
\tikz@figbox=\box36
\tikz@tempbox=\box37
\tikztreelevel=\count125
\tikznumberofchildren=\count126
\tikznumberofcurrentchild=\count127
\tikz@fig@count=\count128

(/usr/share/texmf/tex/generic/pgf/modules/pgfmodulematrix.code.tex
File: pgfmodulematrix.code.tex 2010/08/24  (rcs-revision 1.4)
\pgfmatrixcurrentrow=\count129
\pgfmatrixcurrentcolumn=\count130
\pgf@matrix@numberofcolumns=\count131
)
\tikz@expandcount=\count132

(/usr/share/texmf/tex/generic/pgf/frontendlayer/tikz/libraries/tikzlibrarytopat
hs.code.tex
File: tikzlibrarytopaths.code.tex 2008/06/17 v2.10 (rcs-revision 1.2)
))) (/usr/share/texlive/texmf-dist/tex/latex/listings/listings.sty
\lst@mode=\count133
\lst@gtempboxa=\box38
\lst@token=\toks31
\lst@length=\count134
\lst@currlwidth=\dimen162
\lst@column=\count135
\lst@pos=\count136
\lst@lostspace=\dimen163
\lst@width=\dimen164
\lst@newlines=\count137
\lst@lineno=\count138
\lst@maxwidth=\dimen165

(/usr/share/texlive/texmf-dist/tex/latex/listings/lstmisc.sty
File: lstmisc.sty 2007/02/22 1.4 (Carsten Heinz)
\c@lstnumber=\count139
\lst@skipnumbers=\count140
\lst@framebox=\box39
)
(/usr/share/texlive/texmf-dist/tex/latex/listings/listings.cfg
File: listings.cfg 2007/02/22 1.4 listings configuration
))
Package: listings 2007/02/22 1.4 (Carsten Heinz)

(./../../mutaborlst.tex
(/usr/share/texlive/texmf-dist/tex/latex/oberdiek/listingsutf8.sty
Package: listingsutf8 2011/11/10 v1.2 Allow UTF-8 in listings input (HO)

(/usr/share/texlive/texmf-dist/tex/generic/oberdiek/stringenc.sty
Package: stringenc 2011/12/02 v1.10 Convert strings between diff. encodings (HO
)
)))
(./../../tsemlines.sty
Package: tsemlines 2011/06/23 v1.0 line support for emTeX's TeXcad
)
(/usr/share/texlive/texmf-dist/tex/latex/base/makeidx.sty
Package: makeidx 2000/03/29 v1.0m Standard LaTeX package
)
\@indexfile=\write4
\openout4 = `Referenz.idx'.


Writing index file Referenz.idx
(/usr/share/texlive/texmf-dist/tex/latex/keystroke/keystroke.sty
Package: keystroke 2010/04/23 v1.6 3D keystrokes (SuSE GmbH/RN)
\suse@key=\box40
\keystroke@left=\box41
\keystroke@right=\box42
\keystroke@middle=\box43

<keystroke_left.pdf, id=4, 42.1575pt x 195.73125pt>
File: keystroke_left.pdf Graphic file (type pdf)
 <use keystroke_left.pdf>
Package pdftex.def Info: keystroke_left.pdf used on input line 171.
(pdftex.def)             Requested size: 42.15738pt x 195.73076pt.

<keystroke_middle.pdf, id=5, 116.435pt x 195.73125pt>
File: keystroke_middle.pdf Graphic file (type pdf)

<use keystroke_middle.pdf>
Package pdftex.def Info: keystroke_middle.pdf used on input line 172.
(pdftex.def)             Requested size: 116.43471pt x 195.73076pt.

<keystroke_right.pdf, id=6, 42.1575pt x 195.73125pt>
File: keystroke_right.pdf Graphic file (type pdf)
 <use keystroke_right.pdf>
Package pdftex.def Info: keystroke_right.pdf used on input line 173.
(pdftex.def)             Requested size: 42.15738pt x 195.73076pt.
))

Package xr Warning: 
No file Handbuch.aux
LABELS NOT IMPORTED.
 on input line 4.


Package xr Warning: 
No file Bedienung.aux
LABELS NOT IMPORTED.
 on input line 5.

(./Referenz.aux)
\openout1 = `Referenz.aux'.

LaTeX Font Info:    Checking defaults for OML/cmm/m/it on input line 5.
LaTeX Font Info:    ... okay on input line 5.
LaTeX Font Info:    Checking defaults for T1/cmr/m/n on input line 5.
LaTeX Font Info:    ... okay on input line 5.
LaTeX Font Info:    Checking defaults for OT1/cmr/m/n on input line 5.
LaTeX Font Info:    ... okay on input line 5.
LaTeX Font Info:    Checking defaults for OMS/cmsy/m/n on input line 5.
LaTeX Font Info:    ... okay on input line 5.
LaTeX Font Info:    Checking defaults for OMX/cmex/m/n on input line 5.
LaTeX Font Info:    ... okay on input line 5.
LaTeX Font Info:    Checking defaults for U/cmr/m/n on input line 5.
LaTeX Font Info:    ... okay on input line 5.
LaTeX Font Info:    Checking defaults for PD1/pdf/m/n on input line 5.
LaTeX Font Info:    ... okay on input line 5.
\AtBeginShipoutBox=\box44
Package hyperref Info: Link coloring OFF on input line 5.
LaTeX Info: Redefining \ref on input line 5.
LaTeX Info: Redefining \pageref on input line 5.
LaTeX Info: Redefining \nameref on input line 5.
 (./Referenz.out) (./Referenz.out)
\@outlinefile=\write5
\openout5 = `Referenz.out'.


(/usr/share/texlive/texmf-dist/tex/context/base/supp-pdf.mkii
[Loading MPS to PDF converter (version 2006.09.02).]
\scratchcounter=\count141
\scratchdimen=\dimen166
\scratchbox=\box45
\nofMPsegments=\count142
\nofMParguments=\count143
\everyMPshowfont=\toks32
\MPscratchCnt=\count144
\MPscratchDim=\dimen167
\MPnumerator=\count145
\makeMPintoPDFobject=\count146
\everyMPtoPDFconversion=\toks33
) (/usr/share/texlive/texmf-dist/tex/latex/oberdiek/epstopdf-base.sty
Package: epstopdf-base 2010/02/09 v2.5 Base part for package epstopdf

(/usr/share/texlive/texmf-dist/tex/latex/oberdiek/grfext.sty
Package: grfext 2010/08/19 v1.1 Manage graphics extensions (HO)
)
Package grfext Info: Graphics extension search list:
(grfext)             [.png,.pdf,.jpg,.mps,.jpeg,.jbig2,.jb2,.PNG,.PDF,.JPG,.JPE
G,.JBIG2,.JB2,.eps]
(grfext)             \AppendGraphicsExtensions on input line 452.

(/usr/share/texlive/texmf-dist/tex/latex/latexconfig/epstopdf-sys.cfg
File: epstopdf-sys.cfg 2010/07/13 v1.3 Configuration of (r)epstopdf for TeX Liv
e
))
ABD: EveryShipout initializing macros
\c@lstlisting=\count147

<Mutabor-Logo.png, id=102, 255.1131pt x 260.172pt>
File: Mutabor-Logo.png Graphic file (type png)
 <use Mutabor-Logo.png>
Package pdftex.def Info: Mutabor-Logo.png used on input line 12.
(pdftex.def)             Requested size: 199.16931pt x 203.1199pt.
Package babel Info: Redefining german shorthand "f
(babel)             in language append on input line 12.
Package babel Info: Redefining german shorthand "|
(babel)             in language append on input line 12.
Package babel Info: Redefining german shorthand "~
(babel)             in language append on input line 12.
Package babel Info: Redefining german shorthand "f
(babel)             in language append on input line 12.
Package babel Info: Redefining german shorthand "|
(babel)             in language append on input line 12.
Package babel Info: Redefining german shorthand "~
(babel)             in language append on input line 12.

[1



{/var/lib/texmf/fonts/map/pdftex/updmap/pdftex.map} <./../../Mutabor-Logo.png>]
LaTeX Font Info:    Try loading font information for OMS+cmr on input line 12.
 (/usr/share/texlive/texmf-dist/tex/latex/base/omscmr.fd
File: omscmr.fd 1999/05/25 v2.5h Standard LaTeX font definitions
)
LaTeX Font Info:    Font shape `OMS/cmr/m/n' in size <10> not available
(Font)              Font shape `OMS/cmsy/m/n' tried instead on input line 12.
Package babel Info: Redefining german shorthand "f
(babel)             in language append on input line 12.
Package babel Info: Redefining german shorthand "|
(babel)             in language append on input line 12.
Package babel Info: Redefining german shorthand "~
(babel)             in language append on input line 12.
Package babel Info: Redefining german shorthand "f
(babel)             in language append on input line 12.
Package babel Info: Redefining german shorthand "|
(babel)             in language append on input line 12.
Package babel Info: Redefining german shorthand "~
(babel)             in language append on input line 12.
 [2

]
LaTeX Font Info:    Try loading font information for T1+cmss on input line 46.

(/usr/share/texlive/texmf-dist/tex/latex/base/t1cmss.fd
File: t1cmss.fd 1999/05/25 v2.5h Standard LaTeX font definitions
) (./Referenz.toc)
\tf@toc=\write6
\openout6 = `Referenz.toc'.

Package babel Info: Redefining german shorthand "f
(babel)             in language append on input line 89.
Package babel Info: Redefining german shorthand "|
(babel)             in language append on input line 89.
Package babel Info: Redefining german shorthand "~
(babel)             in language append on input line 89.
Package babel Info: Redefining german shorthand "f
(babel)             in language append on input line 89.
Package babel Info: Redefining german shorthand "|
(babel)             in language append on input line 89.
Package babel Info: Redefining german shorthand "~
(babel)             in language append on input line 89.

[3


]
Package babel Info: Redefining german shorthand "f
(babel)             in language append on input line 89.
Package babel Info: Redefining german shorthand "|
(babel)             in language append on input line 89.
Package babel Info: Redefining german shorthand "~
(babel)             in language append on input line 89.
Package babel Info: Redefining german shorthand "f
(babel)             in language append on input line 89.
Package babel Info: Redefining german shorthand "|
(babel)             in language append on input line 89.
Package babel Info: Redefining german shorthand "~
(babel)             in language append on input line 89.
 [4


]
Kapitel 1.
Package babel Info: Redefining german shorthand "f
(babel)             in language append on input line 89.
Package babel Info: Redefining german shorthand "|
(babel)             in language append on input line 89.
Package babel Info: Redefining german shorthand "~
(babel)             in language append on input line 89.

Class scrbook Warning: \float@addtolists detected!
(scrbook)              You should use the features of package `tocbasic'
(scrbook)              instead of \float@addtolists.
(scrbook)              Support for \float@addtolists may be removed from
(scrbook)              `scrbook' soon .

Package babel Info: Redefining german shorthand "f
(babel)             in language append on input line 108.
Package babel Info: Redefining german shorthand "|
(babel)             in language append on input line 108.
Package babel Info: Redefining german shorthand "~
(babel)             in language append on input line 108.
Package babel Info: Redefining german shorthand "f
(babel)             in language append on input line 108.
Package babel Info: Redefining german shorthand "|
(babel)             in language append on input line 108.
Package babel Info: Redefining german shorthand "~
(babel)             in language append on input line 108.
[5]
Package babel Info: Redefining german shorthand "f
(babel)             in language append on input line 108.
Package babel Info: Redefining german shorthand "|
(babel)             in language append on input line 108.
Package babel Info: Redefining german shorthand "~
(babel)             in language append on input line 108.
Package babel Info: Redefining german shorthand "f
(babel)             in language append on input line 108.
Package babel Info: Redefining german shorthand "|
(babel)             in language append on input line 108.
Package babel Info: Redefining german shorthand "~
(babel)             in language append on input line 108.
 [6


]
Kapitel 2.
Package babel Info: Redefining german shorthand "f
(babel)             in language append on input line 108.
Package babel Info: Redefining german shorthand "|
(babel)             in language append on input line 108.
Package babel Info: Redefining german shorthand "~
(babel)             in language append on input line 108.
Package babel Info: Redefining german shorthand "f
(babel)             in language append on input line 115.
Package babel Info: Redefining german shorthand "|
(babel)             in language append on input line 115.
Package babel Info: Redefining german shorthand "~
(babel)             in language append on input line 115.
Package babel Info: Redefining german shorthand "f
(babel)             in language append on input line 138.
Package babel Info: Redefining german shorthand "|
(babel)             in language append on input line 138.
Package babel Info: Redefining german shorthand "~
(babel)             in language append on input line 138.
LaTeX Font Info:    Try loading font information for T1+cmtt on input line 142.

(/usr/share/texlive/texmf-dist/tex/latex/base/t1cmtt.fd
File: t1cmtt.fd 1999/05/25 v2.5h Standard LaTeX font definitions
)
Package babel Info: Redefining german shorthand "f
(babel)             in language append on input line 149.
Package babel Info: Redefining german shorthand "|
(babel)             in language append on input line 149.
Package babel Info: Redefining german shorthand "~
(babel)             in language append on input line 149.
Package babel Info: Redefining german shorthand "f
(babel)             in language append on input line 180.
Package babel Info: Redefining german shorthand "|
(babel)             in language append on input line 180.
Package babel Info: Redefining german shorthand "~
(babel)             in language append on input line 180.
Package babel Info: Redefining german shorthand "f
(babel)             in language append on input line 180.
Package babel Info: Redefining german shorthand "|
(babel)             in language append on input line 180.
Package babel Info: Redefining german shorthand "~
(babel)             in language append on input line 180.
 [7]
Package babel Info: Redefining german shorthand "f
(babel)             in language append on input line 182.
Package babel Info: Redefining german shorthand "|
(babel)             in language append on input line 182.
Package babel Info: Redefining german shorthand "~
(babel)             in language append on input line 182.
Package babel Info: Redefining german shorthand "f
(babel)             in language append on input line 220.
Package babel Info: Redefining german shorthand "|
(babel)             in language append on input line 220.
Package babel Info: Redefining german shorthand "~
(babel)             in language append on input line 220.
Package babel Info: Redefining german shorthand "f
(babel)             in language append on input line 246.
Package babel Info: Redefining german shorthand "|
(babel)             in language append on input line 246.
Package babel Info: Redefining german shorthand "~
(babel)             in language append on input line 246.
Package babel Info: Redefining german shorthand "f
(babel)             in language append on input line 246.
Package babel Info: Redefining german shorthand "|
(babel)             in language append on input line 246.
Package babel Info: Redefining german shorthand "~
(babel)             in language append on input line 246.
 [8]
Kapitel 3.
Package babel Info: Redefining german shorthand "f
(babel)             in language append on input line 246.
Package babel Info: Redefining german shorthand "|
(babel)             in language append on input line 246.
Package babel Info: Redefining german shorthand "~
(babel)             in language append on input line 246.
(./syn1.pic)
Overfull \hbox (8.04047pt too wide) in paragraph at lines 38--258
[][]
 []


Underfull \hbox (badness 10000) in paragraph at lines 38--258

 []

Package babel Info: Redefining german shorthand "f
(babel)             in language append on input line 266.
Package babel Info: Redefining german shorthand "|
(babel)             in language append on input line 266.
Package babel Info: Redefining german shorthand "~
(babel)             in language append on input line 266.
Package babel Info: Redefining german shorthand "f
(babel)             in language append on input line 266.
Package babel Info: Redefining german shorthand "|
(babel)             in language append on input line 266.
Package babel Info: Redefining german shorthand "~
(babel)             in language append on input line 266.
[9



Non-PDF special ignored!]
Package babel Info: Redefining german shorthand "f
(babel)             in language append on input line 266.
Package babel Info: Redefining german shorthand "|
(babel)             in language append on input line 266.
Package babel Info: Redefining german shorthand "~
(babel)             in language append on input line 266.
Package babel Info: Redefining german shorthand "f
(babel)             in language append on input line 266.
Package babel Info: Redefining german shorthand "|
(babel)             in language append on input line 266.
Package babel Info: Redefining german shorthand "~
(babel)             in language append on input line 266.
 [10


]
Kapitel 4.
Package babel Info: Redefining german shorthand "f
(babel)             in language append on input line 266.
Package babel Info: Redefining german shorthand "|
(babel)             in language append on input line 266.
Package babel Info: Redefining german shorthand "~
(babel)             in language append on input line 266.
(./syn2.pic

LaTeX Warning: \oval, \circle, or \line size unavailable on input line 23.


LaTeX Warning: \oval, \circle, or \line size unavailable on input line 24.


LaTeX Warning: \oval, \circle, or \line size unavailable on input line 25.


LaTeX Warning: \oval, \circle, or \line size unavailable on input line 26.


LaTeX Warning: \oval, \circle, or \line size unavailable on input line 27.


LaTeX Warning: \oval, \circle, or \line size unavailable on input line 28.

)
Overfull \hbox (10.88573pt too wide) in paragraph at lines 46--281
[][]
 []


Underfull \hbox (badness 10000) in paragraph at lines 46--281

 []

Package babel Info: Redefining german shorthand "f
(babel)             in language append on input line 283.
Package babel Info: Redefining german shorthand "|
(babel)             in language append on input line 283.
Package babel Info: Redefining german shorthand "~
(babel)             in language append on input line 283.
Package babel Info: Redefining german shorthand "f
(babel)             in language append on input line 283.
Package babel Info: Redefining german shorthand "|
(babel)             in language append on input line 283.
Package babel Info: Redefining german shorthand "~
(babel)             in language append on input line 283.
[11
Non-PDF special ignored!]
Package babel Info: Redefining german shorthand "f
(babel)             in language append on input line 283.
Package babel Info: Redefining german shorthand "|
(babel)             in language append on input line 283.
Package babel Info: Redefining german shorthand "~
(babel)             in language append on input line 283.
Package babel Info: Redefining german shorthand "f
(babel)             in language append on input line 283.
Package babel Info: Redefining german shorthand "|
(babel)             in language append on input line 283.
Package babel Info: Redefining german shorthand "~
(babel)             in language append on input line 283.
 [12


]
Kapitel 5.
Package babel Info: Redefining german shorthand "f
(babel)             in language append on input line 283.
Package babel Info: Redefining german shorthand "|
(babel)             in language append on input line 283.
Package babel Info: Redefining german shorthand "~
(babel)             in language append on input line 283.
LaTeX Font Info:    Font shape `OMS/cmr/m/n' in size <10.95> not available
(Font)              Font shape `OMS/cmsy/m/n' tried instead on input line 292.
(/usr/share/texlive/texmf-dist/tex/latex/base/utf8.def
File: utf8.def 2008/04/05 v1.1m UTF-8 support for inputenc
)
LaTeX Font Info:    Font shape `T1/cmtt/bx/n' in size <10.95> not available
(Font)              Font shape `T1/cmtt/m/n' tried instead on input line 310.
 (./syn3.pic

LaTeX Warning: \oval, \circle, or \line size unavailable on input line 23.


LaTeX Warning: \oval, \circle, or \line size unavailable on input line 29.


LaTeX Warning: \oval, \circle, or \line size unavailable on input line 33.


LaTeX Warning: \oval, \circle, or \line size unavailable on input line 36.

) (./syn5.pic
Underfull \vbox (badness 10000) has occurred while \output is active []

Package babel Info: Redefining german shorthand "f
(babel)             in language append on input line 31.
Package babel Info: Redefining german shorthand "|
(babel)             in language append on input line 31.
Package babel Info: Redefining german shorthand "~
(babel)             in language append on input line 31.
Package babel Info: Redefining german shorthand "f
(babel)             in language append on input line 31.
Package babel Info: Redefining german shorthand "|
(babel)             in language append on input line 31.
Package babel Info: Redefining german shorthand "~
(babel)             in language append on input line 31.
 [13
Non-PDF special ignored!])
Package babel Info: Redefining german shorthand "f
(babel)             in language append on input line 320.
Package babel Info: Redefining german shorthand "|
(babel)             in language append on input line 320.
Package babel Info: Redefining german shorthand "~
(babel)             in language append on input line 320.
Package babel Info: Redefining german shorthand "f
(babel)             in language append on input line 320.
Package babel Info: Redefining german shorthand "|
(babel)             in language append on input line 320.
Package babel Info: Redefining german shorthand "~
(babel)             in language append on input line 320.
 [14
Non-PDF special ignored!]
Kapitel 6.
Package babel Info: Redefining german shorthand "f
(babel)             in language append on input line 320.
Package babel Info: Redefining german shorthand "|
(babel)             in language append on input line 320.
Package babel Info: Redefining german shorthand "~
(babel)             in language append on input line 320.
(/usr/share/texlive/texmf-dist/tex/latex/base/utf8.def
File: utf8.def 2008/04/05 v1.1m UTF-8 support for inputenc
) (./syn4.pic

LaTeX Warning: \oval, \circle, or \line size unavailable on input line 36.

)
Overfull \hbox (36.49307pt too wide) in paragraph at lines 58--351
[][]
 []


Underfull \hbox (badness 10000) in paragraph at lines 58--351

 []

Package babel Info: Redefining german shorthand "f
(babel)             in language append on input line 355.
Package babel Info: Redefining german shorthand "|
(babel)             in language append on input line 355.
Package babel Info: Redefining german shorthand "~
(babel)             in language append on input line 355.
Package babel Info: Redefining german shorthand "f
(babel)             in language append on input line 355.
Package babel Info: Redefining german shorthand "|
(babel)             in language append on input line 355.
Package babel Info: Redefining german shorthand "~
(babel)             in language append on input line 355.
[15



Non-PDF special ignored!]
Package babel Info: Redefining german shorthand "f
(babel)             in language append on input line 355.
Package babel Info: Redefining german shorthand "|
(babel)             in language append on input line 355.
Package babel Info: Redefining german shorthand "~
(babel)             in language append on input line 355.
Package babel Info: Redefining german shorthand "f
(babel)             in language append on input line 355.
Package babel Info: Redefining german shorthand "|
(babel)             in language append on input line 355.
Package babel Info: Redefining german shorthand "~
(babel)             in language append on input line 355.
 [16


]
Kapitel 7.
Package babel Info: Redefining german shorthand "f
(babel)             in language append on input line 355.
Package babel Info: Redefining german shorthand "|
(babel)             in language append on input line 355.
Package babel Info: Redefining german shorthand "~
(babel)             in language append on input line 355.

Overfull \hbox (19.87085pt too wide) in paragraph at lines 384--391
\T1/cmr/m/n/10.95 de Ta-ste kei-nen Ton er-zeugt. Feh-len-de T-ne wer-den bei 
der Zu-ord-nung $\OML/cmm/m/it/10.95 Klaviaturtaste \OMS/cmsy/m/n/10.95 !
 []

(./syn6.pic)
Overfull \hbox (16.57625pt too wide) in paragraph at lines 55--395
[][]
 []


Underfull \hbox (badness 10000) in paragraph at lines 55--395

 []


Underfull \vbox (badness 10000) has occurred while \output is active []

Package babel Info: Redefining german shorthand "f
(babel)             in language append on input line 395.
Package babel Info: Redefining german shorthand "|
(babel)             in language append on input line 395.
Package babel Info: Redefining german shorthand "~
(babel)             in language append on input line 395.
Package babel Info: Redefining german shorthand "f
(babel)             in language append on input line 395.
Package babel Info: Redefining german shorthand "|
(babel)             in language append on input line 395.
Package babel Info: Redefining german shorthand "~
(babel)             in language append on input line 395.
 [17
Non-PDF special ignored!]
Package babel Info: Redefining german shorthand "f
(babel)             in language append on input line 398.
Package babel Info: Redefining german shorthand "|
(babel)             in language append on input line 398.
Package babel Info: Redefining german shorthand "~
(babel)             in language append on input line 398.
Package babel Info: Redefining german shorthand "f
(babel)             in language append on input line 398.
Package babel Info: Redefining german shorthand "|
(babel)             in language append on input line 398.
Package babel Info: Redefining german shorthand "~
(babel)             in language append on input line 398.
 [18]
Kapitel 8.
Package babel Info: Redefining german shorthand "f
(babel)             in language append on input line 398.
Package babel Info: Redefining german shorthand "|
(babel)             in language append on input line 398.
Package babel Info: Redefining german shorthand "~
(babel)             in language append on input line 398.

Overfull \hbox (0.7897pt too wide) in paragraph at lines 415--420
\T1/cmr/m/n/10.95 ist fr je-den Pa-ra-me-ter[] ein sym-bo-li-scher Parameter-N
ame an-zu-ge-ben. Ein Parameter-
 []

(./syn8.pic)
Overfull \hbox (33.64781pt too wide) in paragraph at lines 51--422
[][]
 []


Underfull \hbox (badness 10000) in paragraph at lines 51--422

 []


Underfull \vbox (badness 10000) has occurred while \output is active []

Package babel Info: Redefining german shorthand "f
(babel)             in language append on input line 422.
Package babel Info: Redefining german shorthand "|
(babel)             in language append on input line 422.
Package babel Info: Redefining german shorthand "~
(babel)             in language append on input line 422.
Package babel Info: Redefining german shorthand "f
(babel)             in language append on input line 422.
Package babel Info: Redefining german shorthand "|
(babel)             in language append on input line 422.
Package babel Info: Redefining german shorthand "~
(babel)             in language append on input line 422.
 [19



Non-PDF special ignored!] (./syn7.pic)
Overfull \hbox (10.88573pt too wide) in paragraph at lines 41--428
[][]
 []


Underfull \hbox (badness 10000) in paragraph at lines 41--428

 []


Underfull \vbox (badness 10000) has occurred while \output is active []

Package babel Info: Redefining german shorthand "f
(babel)             in language append on input line 428.
Package babel Info: Redefining german shorthand "|
(babel)             in language append on input line 428.
Package babel Info: Redefining german shorthand "~
(babel)             in language append on input line 428.
Package babel Info: Redefining german shorthand "f
(babel)             in language append on input line 428.
Package babel Info: Redefining german shorthand "|
(babel)             in language append on input line 428.
Package babel Info: Redefining german shorthand "~
(babel)             in language append on input line 428.
 [20
Non-PDF special ignored!] (./syn9.pic)
Overfull \hbox (55.82552pt too wide) in paragraph at lines 43--443
[][]
 []


Underfull \hbox (badness 10000) in paragraph at lines 43--443

 []


Underfull \vbox (badness 10000) has occurred while \output is active []

Package babel Info: Redefining german shorthand "f
(babel)             in language append on input line 443.
Package babel Info: Redefining german shorthand "|
(babel)             in language append on input line 443.
Package babel Info: Redefining german shorthand "~
(babel)             in language append on input line 443.
Package babel Info: Redefining german shorthand "f
(babel)             in language append on input line 443.
Package babel Info: Redefining german shorthand "|
(babel)             in language append on input line 443.
Package babel Info: Redefining german shorthand "~
(babel)             in language append on input line 443.
 [21
Non-PDF special ignored!] (./syn26.pic) (./syn10.pic

LaTeX Warning: \oval, \circle, or \line size unavailable on input line 34.

)
Overfull \hbox (35.90869pt too wide) in paragraph at lines 50--463
[][]
 []


Underfull \hbox (badness 10000) in paragraph at lines 50--463

 []


Underfull \vbox (badness 10000) has occurred while \output is active []

Package babel Info: Redefining german shorthand "f
(babel)             in language append on input line 463.
Package babel Info: Redefining german shorthand "|
(babel)             in language append on input line 463.
Package babel Info: Redefining german shorthand "~
(babel)             in language append on input line 463.
Package babel Info: Redefining german shorthand "f
(babel)             in language append on input line 463.
Package babel Info: Redefining german shorthand "|
(babel)             in language append on input line 463.
Package babel Info: Redefining german shorthand "~
(babel)             in language append on input line 463.
 [22
Non-PDF special ignored!
Non-PDF special ignored!] (./syn11.pic)
Overfull \hbox (41.59921pt too wide) in paragraph at lines 31--484
[][]
 []


Underfull \hbox (badness 10000) in paragraph at lines 31--484

 []


Underfull \vbox (badness 10000) has occurred while \output is active []

Package babel Info: Redefining german shorthand "f
(babel)             in language append on input line 484.
Package babel Info: Redefining german shorthand "|
(babel)             in language append on input line 484.
Package babel Info: Redefining german shorthand "~
(babel)             in language append on input line 484.
Package babel Info: Redefining german shorthand "f
(babel)             in language append on input line 484.
Package babel Info: Redefining german shorthand "|
(babel)             in language append on input line 484.
Package babel Info: Redefining german shorthand "~
(babel)             in language append on input line 484.
 [23
Non-PDF special ignored!] (./syn12.pic)
Overfull \hbox (44.44447pt too wide) in paragraph at lines 43--486
[][]
 []


Underfull \hbox (badness 10000) in paragraph at lines 43--486

 []


Overfull \hbox (2.02682pt too wide) in paragraph at lines 488--495
[]\T1/cmr/m/n/10.95 entspricht ei-ner n-de-rung des Pe-ri-oden-in-ter-valls[].
 Hier wird
 []

(./syn13.pic)
Overfull \hbox (10.30135pt too wide) in paragraph at lines 37--497
[][]
 []


Underfull \hbox (badness 10000) in paragraph at lines 37--497

 []


Underfull \vbox (badness 10000) has occurred while \output is active []

Package babel Info: Redefining german shorthand "f
(babel)             in language append on input line 497.
Package babel Info: Redefining german shorthand "|
(babel)             in language append on input line 497.
Package babel Info: Redefining german shorthand "~
(babel)             in language append on input line 497.
Package babel Info: Redefining german shorthand "f
(babel)             in language append on input line 497.
Package babel Info: Redefining german shorthand "|
(babel)             in language append on input line 497.
Package babel Info: Redefining german shorthand "~
(babel)             in language append on input line 497.
 [24
Non-PDF special ignored!
Non-PDF special ignored!] (./syn14.pic) (./syn28.pic) (./syn23.pic)
(./syn17.pic
Underfull \vbox (badness 3088) has occurred while \output is active []

Package babel Info: Redefining german shorthand "f
(babel)             in language append on input line 48.
Package babel Info: Redefining german shorthand "|
(babel)             in language append on input line 48.
Package babel Info: Redefining german shorthand "~
(babel)             in language append on input line 48.
Package babel Info: Redefining german shorthand "f
(babel)             in language append on input line 48.
Package babel Info: Redefining german shorthand "|
(babel)             in language append on input line 48.
Package babel Info: Redefining german shorthand "~
(babel)             in language append on input line 48.
 [25
Non-PDF special ignored!
Non-PDF special ignored!
Non-PDF special ignored!])
Package babel Info: Redefining german shorthand "f
(babel)             in language append on input line 547.
Package babel Info: Redefining german shorthand "|
(babel)             in language append on input line 547.
Package babel Info: Redefining german shorthand "~
(babel)             in language append on input line 547.
Package babel Info: Redefining german shorthand "f
(babel)             in language append on input line 547.
Package babel Info: Redefining german shorthand "|
(babel)             in language append on input line 547.
Package babel Info: Redefining german shorthand "~
(babel)             in language append on input line 547.
 [26
Non-PDF special ignored!] (./syn16.pic)
Overfull \hbox (52.98026pt too wide) in paragraph at lines 29--549
[][]
 []


Underfull \hbox (badness 10000) in paragraph at lines 29--549

 []

(./syn22.pic)
Overfull \hbox (35.90869pt too wide) in paragraph at lines 26--560
[][]
 []


Underfull \hbox (badness 10000) in paragraph at lines 26--560

 []

Package babel Info: Redefining german shorthand "f
(babel)             in language append on input line 564.
Package babel Info: Redefining german shorthand "|
(babel)             in language append on input line 564.
Package babel Info: Redefining german shorthand "~
(babel)             in language append on input line 564.
Package babel Info: Redefining german shorthand "f
(babel)             in language append on input line 564.
Package babel Info: Redefining german shorthand "|
(babel)             in language append on input line 564.
Package babel Info: Redefining german shorthand "~
(babel)             in language append on input line 564.
[27
Non-PDF special ignored!
Non-PDF special ignored!]
Package babel Info: Redefining german shorthand "f
(babel)             in language append on input line 564.
Package babel Info: Redefining german shorthand "|
(babel)             in language append on input line 564.
Package babel Info: Redefining german shorthand "~
(babel)             in language append on input line 564.
Package babel Info: Redefining german shorthand "f
(babel)             in language append on input line 564.
Package babel Info: Redefining german shorthand "|
(babel)             in language append on input line 564.
Package babel Info: Redefining german shorthand "~
(babel)             in language append on input line 564.
 [28


]
Kapitel 9.
Package babel Info: Redefining german shorthand "f
(babel)             in language append on input line 564.
Package babel Info: Redefining german shorthand "|
(babel)             in language append on input line 564.
Package babel Info: Redefining german shorthand "~
(babel)             in language append on input line 564.
(./syn15.pic)
Overfull \hbox (25.11203pt too wide) in paragraph at lines 57--594
[][]
 []


Underfull \hbox (badness 10000) in paragraph at lines 57--594

 []

Package babel Info: Redefining german shorthand "f
(babel)             in language append on input line 598.
Package babel Info: Redefining german shorthand "|
(babel)             in language append on input line 598.
Package babel Info: Redefining german shorthand "~
(babel)             in language append on input line 598.
Package babel Info: Redefining german shorthand "f
(babel)             in language append on input line 598.
Package babel Info: Redefining german shorthand "|
(babel)             in language append on input line 598.
Package babel Info: Redefining german shorthand "~
(babel)             in language append on input line 598.
[29
Non-PDF special ignored!]
Package babel Info: Redefining german shorthand "f
(babel)             in language append on input line 598.
Package babel Info: Redefining german shorthand "|
(babel)             in language append on input line 598.
Package babel Info: Redefining german shorthand "~
(babel)             in language append on input line 598.
Package babel Info: Redefining german shorthand "f
(babel)             in language append on input line 598.
Package babel Info: Redefining german shorthand "|
(babel)             in language append on input line 598.
Package babel Info: Redefining german shorthand "~
(babel)             in language append on input line 598.
 [30


]
Kapitel 10.
Package babel Info: Redefining german shorthand "f
(babel)             in language append on input line 598.
Package babel Info: Redefining german shorthand "|
(babel)             in language append on input line 598.
Package babel Info: Redefining german shorthand "~
(babel)             in language append on input line 598.
(./syn24.pic)
Overfull \hbox (36.49307pt too wide) in paragraph at lines 47--633
[][]
 []


Underfull \hbox (badness 10000) in paragraph at lines 47--633

 []


Underfull \vbox (badness 10000) has occurred while \output is active []

Package babel Info: Redefining german shorthand "f
(babel)             in language append on input line 633.
Package babel Info: Redefining german shorthand "|
(babel)             in language append on input line 633.
Package babel Info: Redefining german shorthand "~
(babel)             in language append on input line 633.
Package babel Info: Redefining german shorthand "f
(babel)             in language append on input line 633.
Package babel Info: Redefining german shorthand "|
(babel)             in language append on input line 633.
Package babel Info: Redefining german shorthand "~
(babel)             in language append on input line 633.
 [31
Non-PDF special ignored!] (./syn27.pic)
Overfull \hbox (22.26677pt too wide) in paragraph at lines 30--635
[][]
 []


Underfull \hbox (badness 10000) in paragraph at lines 30--635

 []

Package babel Info: Redefining german shorthand "f
(babel)             in language append on input line 637.
Package babel Info: Redefining german shorthand "|
(babel)             in language append on input line 637.
Package babel Info: Redefining german shorthand "~
(babel)             in language append on input line 637.
(./syn18.pic

LaTeX Warning: \oval, \circle, or \line size unavailable on input line 19.

)
Underfull \vbox (badness 10000) has occurred while \output is active []

Package babel Info: Redefining german shorthand "f
(babel)             in language append on input line 647.
Package babel Info: Redefining german shorthand "|
(babel)             in language append on input line 647.
Package babel Info: Redefining german shorthand "~
(babel)             in language append on input line 647.
Package babel Info: Redefining german shorthand "f
(babel)             in language append on input line 647.
Package babel Info: Redefining german shorthand "|
(babel)             in language append on input line 647.
Package babel Info: Redefining german shorthand "~
(babel)             in language append on input line 647.
 [32
Non-PDF special ignored!
Non-PDF special ignored!]
Package babel Info: Redefining german shorthand "f
(babel)             in language append on input line 647.
Package babel Info: Redefining german shorthand "|
(babel)             in language append on input line 647.
Package babel Info: Redefining german shorthand "~
(babel)             in language append on input line 647.
 (./syn19.pic)
Package babel Info: Redefining german shorthand "f
(babel)             in language append on input line 664.
Package babel Info: Redefining german shorthand "|
(babel)             in language append on input line 664.
Package babel Info: Redefining german shorthand "~
(babel)             in language append on input line 664.
Package babel Info: Redefining german shorthand "f
(babel)             in language append on input line 693.
Package babel Info: Redefining german shorthand "|
(babel)             in language append on input line 693.
Package babel Info: Redefining german shorthand "~
(babel)             in language append on input line 693.
Package babel Info: Redefining german shorthand "f
(babel)             in language append on input line 693.
Package babel Info: Redefining german shorthand "|
(babel)             in language append on input line 693.
Package babel Info: Redefining german shorthand "~
(babel)             in language append on input line 693.
 [33
Non-PDF special ignored! </usr/share/texlive/texmf-dist/tex/latex/keystroke/key
stroke_left.pdf> </usr/share/texlive/texmf-dist/tex/latex/keystroke/keystroke_m
iddle.pdf> </usr/share/texlive/texmf-dist/tex/latex/keystroke/keystroke_right.p
df>]
Overfull \hbox (6.9175pt too wide) in paragraph at lines 700--703
[]\T1/cmr/m/n/10.95 Wenn bei der Har-mo-nie ei-ne Be-zug-sta-ste[] an-ge-ge-ben
 wur-de, dann wird die Harmonie-
 []

(./syn20.pic)
Overfull \hbox (19.42151pt too wide) in paragraph at lines 41--705
[][]
 []


Underfull \hbox (badness 10000) in paragraph at lines 41--705

 []

Package babel Info: Redefining german shorthand "f
(babel)             in language append on input line 707.
Package babel Info: Redefining german shorthand "|
(babel)             in language append on input line 707.
Package babel Info: Redefining german shorthand "~
(babel)             in language append on input line 707.
Package babel Info: Redefining german shorthand "f
(babel)             in language append on input line 726.
Package babel Info: Redefining german shorthand "|
(babel)             in language append on input line 726.
Package babel Info: Redefining german shorthand "~
(babel)             in language append on input line 726.
Package babel Info: Redefining german shorthand "f
(babel)             in language append on input line 726.
Package babel Info: Redefining german shorthand "|
(babel)             in language append on input line 726.
Package babel Info: Redefining german shorthand "~
(babel)             in language append on input line 726.
[34
Non-PDF special ignored!] (./syn21.pic)
Overfull \hbox (2.34995pt too wide) in paragraph at lines 26--728
[][]
 []


Underfull \hbox (badness 10000) in paragraph at lines 26--728

 []

Package babel Info: Redefining german shorthand "f
(babel)             in language append on input line 730.
Package babel Info: Redefining german shorthand "|
(babel)             in language append on input line 730.
Package babel Info: Redefining german shorthand "~
(babel)             in language append on input line 730.
Package babel Info: Redefining german shorthand "f
(babel)             in language append on input line 751.
Package babel Info: Redefining german shorthand "|
(babel)             in language append on input line 751.
Package babel Info: Redefining german shorthand "~
(babel)             in language append on input line 751.
(./syn22.pic)
Overfull \hbox (19.42151pt too wide) in paragraph at lines 26--762
[][]
 []


Underfull \hbox (badness 10000) in paragraph at lines 26--762

 []


Underfull \vbox (badness 10000) has occurred while \output is active []

Package babel Info: Redefining german shorthand "f
(babel)             in language append on input line 764.
Package babel Info: Redefining german shorthand "|
(babel)             in language append on input line 764.
Package babel Info: Redefining german shorthand "~
(babel)             in language append on input line 764.
Package babel Info: Redefining german shorthand "f
(babel)             in language append on input line 764.
Package babel Info: Redefining german shorthand "|
(babel)             in language append on input line 764.
Package babel Info: Redefining german shorthand "~
(babel)             in language append on input line 764.
 [35
Non-PDF special ignored!
Non-PDF special ignored!]
Package babel Info: Redefining german shorthand "f
(babel)             in language append on input line 764.
Package babel Info: Redefining german shorthand "|
(babel)             in language append on input line 764.
Package babel Info: Redefining german shorthand "~
(babel)             in language append on input line 764.
Package babel Info: Redefining german shorthand "f
(babel)             in language append on input line 764.
Package babel Info: Redefining german shorthand "|
(babel)             in language append on input line 764.
Package babel Info: Redefining german shorthand "~
(babel)             in language append on input line 764.
 [36]
Kapitel 11.
Package babel Info: Redefining german shorthand "f
(babel)             in language append on input line 764.
Package babel Info: Redefining german shorthand "|
(babel)             in language append on input line 764.
Package babel Info: Redefining german shorthand "~
(babel)             in language append on input line 764.

Overfull \hbox (27.70943pt too wide) in paragraph at lines 768--793
\T1/cmr/m/n/10.95 men-te gleich-zei-tig und in ver-schie-de-nen Lo-gi-ken spie-
len. Wer-den al-le 16 Instrumente/MIDI-
 []

(/usr/share/texlive/texmf-dist/tex/latex/base/utf8.def
File: utf8.def 2008/04/05 v1.1m UTF-8 support for inputenc
) (./syn25.pic)
Overfull \hbox (19.42151pt too wide) in paragraph at lines 43--816
[][]
 []


Underfull \hbox (badness 10000) in paragraph at lines 43--816

 []


Underfull \vbox (badness 10000) has occurred while \output is active []

Package babel Info: Redefining german shorthand "f
(babel)             in language append on input line 816.
Package babel Info: Redefining german shorthand "|
(babel)             in language append on input line 816.
Package babel Info: Redefining german shorthand "~
(babel)             in language append on input line 816.
Package babel Info: Redefining german shorthand "f
(babel)             in language append on input line 816.
Package babel Info: Redefining german shorthand "|
(babel)             in language append on input line 816.
Package babel Info: Redefining german shorthand "~
(babel)             in language append on input line 816.
 [37



Non-PDF special ignored!]
Package babel Info: Redefining german shorthand "f
(babel)             in language append on input line 818.
Package babel Info: Redefining german shorthand "|
(babel)             in language append on input line 818.
Package babel Info: Redefining german shorthand "~
(babel)             in language append on input line 818.
Package babel Info: Redefining german shorthand "f
(babel)             in language append on input line 854.
Package babel Info: Redefining german shorthand "|
(babel)             in language append on input line 854.
Package babel Info: Redefining german shorthand "~
(babel)             in language append on input line 854.
Package babel Info: Redefining german shorthand "f
(babel)             in language append on input line 854.
Package babel Info: Redefining german shorthand "|
(babel)             in language append on input line 854.
Package babel Info: Redefining german shorthand "~
(babel)             in language append on input line 854.
 [38] (./Referenz.ind
Package babel Info: Redefining german shorthand "f
(babel)             in language append on input line 1.
Package babel Info: Redefining german shorthand "|
(babel)             in language append on input line 1.
Package babel Info: Redefining german shorthand "~
(babel)             in language append on input line 1.
Package babel Info: Redefining german shorthand "f
(babel)             in language append on input line 1.
Package babel Info: Redefining german shorthand "|
(babel)             in language append on input line 1.
Package babel Info: Redefining german shorthand "~
(babel)             in language append on input line 1.
 [39]
Package babel Info: Redefining german shorthand "f
(babel)             in language append on input line 1.
Package babel Info: Redefining german shorthand "|
(babel)             in language append on input line 1.
Package babel Info: Redefining german shorthand "~
(babel)             in language append on input line 1.
Package babel Info: Redefining german shorthand "f
(babel)             in language append on input line 1.
Package babel Info: Redefining german shorthand "|
(babel)             in language append on input line 1.
Package babel Info: Redefining german shorthand "~
(babel)             in language append on input line 1.
 [40


]
Package babel Info: Redefining german shorthand "f
(babel)             in language append on input line 106.
Package babel Info: Redefining german shorthand "|
(babel)             in language append on input line 106.
Package babel Info: Redefining german shorthand "~
(babel)             in language append on input line 106.
Package babel Info: Redefining german shorthand "f
(babel)             in language append on input line 106.
Package babel Info: Redefining german shorthand "|
(babel)             in language append on input line 106.
Package babel Info: Redefining german shorthand "~
(babel)             in language append on input line 106.
 [41



]
Package babel Info: Redefining german shorthand "f
(babel)             in language append on input line 148.
Package babel Info: Redefining german shorthand "|
(babel)             in language append on input line 148.
Package babel Info: Redefining german shorthand "~
(babel)             in language append on input line 148.
Package babel Info: Redefining german shorthand "f
(babel)             in language append on input line 148.
Package babel Info: Redefining german shorthand "|
(babel)             in language append on input line 148.
Package babel Info: Redefining german shorthand "~
(babel)             in language append on input line 148.
 [42

])
Package atveryend Info: Empty hook `BeforeClearDocument' on input line 885.
Package atveryend Info: Empty hook `AfterLastShipout' on input line 885.

(./Referenz.aux)
Package atveryend Info: Executing hook `AtVeryEndDocument' on input line 885.
Package atveryend Info: Executing hook `AtEndAfterFileList' on input line 885.
Package rerunfilecheck Info: File `Referenz.out' has not changed.
(rerunfilecheck)             Checksum: 220C1FBF4D3734A4790D1859A33EDF44;1263.
Package atveryend Info: Empty hook `AtVeryVeryEnd' on input line 885.
 ) 
Here is how much of TeX's memory you used:
 18523 strings out of 494104
 316877 string characters out of 6162887
 413381 words of memory out of 5000000
 21358 multiletter control sequences out of 15000+600000
 27303 words of font info for 64 fonts, out of 8000000 for 9000
 564 hyphenation exceptions out of 8191
 67i,9n,71p,436b,931s stack positions out of 5000i,500n,10000p,200000b,80000s
 </home/tobias/.texmf-var/fonts/pk/ljfour/jknappen/ec/ecss0900.600pk> </home/
tobias/.texmf-var/fonts/pk/ljfour/jknappen/ec/ecsx1200.600pk> </home/tobias/.te
xmf-var/fonts/pk/ljfour/jknappen/ec/ecsl1095.600pk> </home/tobias/.texmf-var/fo
nts/pk/ljfour/jknappen/ec/ectt0900.600pk> </home/tobias/.texmf-var/fonts/pk/ljf
our/jknappen/ec/ecrm0900.600pk> </home/tobias/.texmf-var/fonts/pk/ljfour/jknapp
en/ec/ecrm0600.600pk> </home/tobias/.texmf-var/fonts/pk/ljfour/jknappen/ec/ecti
1095.600pk> </home/tobias/.texmf-var/fonts/pk/ljfour/jknappen/ec/ecrm0800.600pk
> </home/tobias/.texmf-var/fonts/pk/ljfour/jknappen/ec/ecbx1095.600pk> </home/t
obias/.texmf-var/fonts/pk/ljfour/jknappen/ec/ectt1095.600pk> </home/tobias/.tex
mf-var/fonts/pk/ljfour/jknappen/ec/ecsx1440.600pk> </home/tobias/.texmf-var/fon
ts/pk/ljfour/jknappen/ec/eccc1095.600pk> </home/tobias/.texmf-var/fonts/pk/ljfo
ur/jknappen/ec/ecrm1095.600pk> </home/tobias/.texmf-var/fonts/pk/ljfour/jknappe
n/ec/ecsx1095.600pk> </home/tobias/.texmf-var/fonts/pk/ljfour/jknappen/ec/ecsx2
074.600pk> </home/tobias/.texmf-var/fonts/pk/ljfour/jknappen/ec/ecrm1000.600pk>
 </home/tobias/.texmf-var/fonts/pk/ljfour/jknappen/ec/ecrm1440.600pk> </home/to
bias/.texmf-var/fonts/pk/ljfour/jknappen/ec/ecbl1728.600pk> </home/tobias/.texm
f-var/fonts/pk/ljfour/jknappen/ec/ecxc2074.600pk> </home/tobias/.texmf-var/font
s/pk/ljfour/jknappen/ec/ecbx1440.600pk></usr/share/texlive/texmf-dist/fonts/typ
e1/public/amsfonts/cm/cmmi10.pfb></usr/share/texlive/texmf-dist/fonts/type1/pub
lic/amsfonts/cm/cmmi12.pfb></usr/share/texlive/texmf-dist/fonts/type1/public/am
sfonts/cm/cmmi9.pfb></usr/share/texlive/texmf-dist/fonts/type1/public/amsfonts/
cm/cmr10.pfb></usr/share/texlive/texmf-dist/fonts/type1/public/amsfonts/cm/cmr1
2.pfb></usr/share/texlive/texmf-dist/fonts/type1/public/amsfonts/cm/cmr8.pfb></
usr/share/texlive/texmf-dist/fonts/type1/public/amsfonts/cm/cmsy10.pfb></usr/sh
are/texlive/texmf-dist/fonts/type1/public/amsfonts/cm/cmsy6.pfb></usr/share/tex
live/texmf-dist/fonts/type1/public/amsfonts/cm/cmsy8.pfb></usr/share/texlive/te
xmf-dist/fonts/type1/public/amsfonts/cm/cmtt10.pfb></usr/share/texlive/texmf-di
st/fonts/type1/public/amsfonts/latxfont/lcircle1.pfb></usr/share/texlive/texmf-
dist/fonts/type1/public/amsfonts/latxfont/line10.pfb>
Output written on Referenz.pdf (42 pages, 1259181 bytes).
PDF statistics:
 1153 PDF objects out of 1200 (max. 8388607)
 512 compressed objects within 6 object streams
 77 named destinations out of 1000 (max. 500000)
 217 words of extra memory for PDF output out of 10000 (max. 10000000)

